1545415072.0501115
1545415072.0870237
1545415072.1239977
1545415072.160965
1545415072.1982746
1545415072.2356262
1545415072.2720964
1545415072.309853
1545415072.347248
1545415072.383636
1545415072.4203491
1545415072.4572842
1545415072.4944315
1545415072.532675
1545415072.568461
1545415072.6061
1545415072.6427033
1545415072.6808019
1545415072.7166426
1545415072.753568
1545415072.790738
1545415072.8277411
1545415072.864922
1545415072.902883
1545415072.9400728
1545415072.975837
1545415073.013878
1545415073.0502036
1545415073.0870051
1545415073.123967
1545415073.1609967
1545415073.198351
1545415073.2360542
1545415073.272168
1545415073.3092253
1545415073.34739
1545415073.3836365
1545415073.421005
1545415073.4572558
1545415073.4944458
1545415073.53152
1545415073.5684965
1545415073.6056783
1545415073.6434934
1545415073.680496
1545415073.716847
1545415073.7539847
1545415073.7907329
1545415073.827893
1545415073.8648481
1545415073.9024036
1545415073.938744
1545415073.9759004
1545415074.01441
1545415074.05019
1545415074.086895
1545415074.1239767
1545415074.161053
1545415074.1983235
1545415074.236726
1545415074.2729595
1545415074.3091652
1545415074.351284
1545415074.3835223
1545415074.420261
1545415074.4573143
1545415074.4943628
1545415074.5314426
1545415074.5686147
1545415074.606298
1545415074.6424935
1545415074.6810794
1545415074.7166004
1545415074.7544844
1545415074.7906356
1545415074.8276951
1545415074.8647788
1545415074.9019213
1545415074.9388306
1545415074.9758139
1545415075.0144541
1545415075.0521126
1545415075.0875833
1545415075.1239903
1545415075.1612406
1545415075.1983836
1545415075.2352955
1545415075.2721205
1545415075.3092024
1545415075.3480659
1545415075.3839655
1545415075.420229
1545415075.4572437
1545415075.4944987
1545415075.5320344
1545415075.5687072
1545415075.6061087
1545415075.6425138
1545415075.6811647
1545415075.7171223
1545415075.7551
1545415075.7908025
1545415075.827633
1545415075.8650115
1545415075.9019608
1545415075.9387853
1545415075.975837
1545415076.015365
1545415076.0501387
1545415076.086902
1545415076.1239495
1545415076.160934
1545415076.1982963
1545415076.2351284
1545415076.2721012
1545415076.3091433
1545415076.348028
1545415076.3838842
1545415076.421551
1545415076.459741
1545415076.4943302
1545415076.5315728
1545415076.5683954
1545415076.6060574
1545415076.6424806
1545415076.6813717
1545415076.717269
1545415076.7536821
1545415076.7906303
1545415076.8276613
1545415076.8650208
1545415076.9017975
1545415076.9389915
1545415076.9758275
1545415077.0146406
1545415077.049939
1545415077.0874565
1545415077.1239932
1545415077.166829
1545415077.198255
1545415077.235278
1545415077.272787
1545415077.3091395
1545415077.3478973
1545415077.3841143
1545415077.4204445
1545415077.4573305
1545415077.4943347
1545415077.5315356
1545415077.5694928
1545415077.6054273
1545415077.642506
1545415077.681283
1545415077.7165728
1545415077.7538373
1545415077.790609
1545415077.8276594
1545415077.8648443
1545415077.9028351
1545415077.9391115
1545415077.975827
1545415078.0156384
1545415078.050577
1545415078.0869231
1545415078.1239495
1545415078.161069
1545415078.1982162
1545415078.2359781
1545415078.272907
1545415078.3092537
1545415078.34774
1545415078.3834972
1545415078.4210255
1545415078.4573717
1545415078.494385
1545415078.5317686
1545415078.5690355
1545415078.605671
1545415078.6424801
1545415078.6814377
1545415078.7167325
1545415078.7548
1545415078.7907467
1545415078.828044
1545415078.8647861
1545415078.9017694
1545415078.9388416
1545415078.9809344
1545415079.0144992
1545415079.0499902
1545415079.0872838
1545415079.1246934
1545415079.1611292
1545415079.1982622
1545415079.2360368
1545415079.272358
1545415079.309463
1545415079.348391
1545415079.3860948
1545415079.420293
1545415079.4573922
1545415079.4943948
1545415079.5314589
1545415079.569622
1545415079.6054213
1545415079.6425872
1545415079.6811097
1545415079.7168615
1545415079.7543135
1545415079.790656
1545415079.8279936
1545415079.8647695
1545415079.9024842
1545415079.9391263
1545415079.976069
1545415080.0152912
1545415080.0500474
1545415080.0883734
1545415080.1240516
1545415080.1610072
1545415080.198165
1545415080.2351992
1545415080.2721264
1545415080.3092628
1545415080.3479164
1545415080.383287
1545415080.4202123
1545415080.457527
1545415080.4943566
1545415080.531614
1545415080.5684426
1545415080.6054351
1545415080.6425316
1545415080.6815386
1545415080.716558
1545415080.753824
1545415080.7948895
1545415080.8278615
1545415080.8650093
1545415080.9023762
1545415080.939722
1545415080.9758983
1545415081.014665
1545415081.050657
1545415081.0869727
1545415081.1240115
1545415081.161045
1545415081.199304
1545415081.235389
1545415081.2721689
1545415081.3091488
1545415081.3477755
1545415081.383219
1545415081.4203453
1545415081.45738
1545415081.4943898
1545415081.5316503
1545415081.5690413
1545415081.6054604
1545415081.6425595
1545415081.6809776
1545415081.7173393
1545415081.7537067
1545415081.7907038
1545415081.8276885
1545415081.864768
1545415081.9041903
1545415081.9388685
1545415081.9758177
1545415082.0157301
1545415082.050168
1545415082.0869396
1545415082.1239522
1545415082.1611404
1545415082.1984234
1545415082.235744
1545415082.272119
1545415082.309139
1545415082.3478878
1545415082.3836682
1545415082.4213724
1545415082.4574635
1545415082.494375
1545415082.5316958
1545415082.569126
1545415082.6055775
1545415082.6426756
1545415082.6812756
1545415082.716929
1545415082.7536144
1545415082.7906299
1545415082.8277235
1545415082.865066
1545415082.9024422
1545415082.9388394
1545415082.9758089
1545415083.0151134
1545415083.0500903
1545415083.0877354
1545415083.1240387
1545415083.161026
1545415083.1982057
1545415083.2357771
1545415083.2721515
1545415083.3091738
1545415083.3478482
1545415083.3840222
1545415083.4221334
1545415083.4573407
1545415083.4944274
1545415083.5315244
1545415083.569142
1545415083.606077
1545415083.6424587
1545415083.6816347
1545415083.7198153
1545415083.7537014
1545415083.7906914
1545415083.8276925
1545415083.8648071
1545415083.9023085
1545415083.9387727
1545415083.975877
1545415084.015312
1545415084.0500486
1545415084.0875247
1545415084.1246893
1545415084.161
1545415084.1981242
1545415084.235105
1545415084.2721667
1545415084.3097517
1545415084.3478434
1545415084.3834696
1545415084.4208894
1545415084.457355
1545415084.494535
1545415084.531551
1545415084.5696673
1545415084.6054888
1545415084.6432405
1545415084.6819096
1545415084.7175388
1545415084.7547712
1545415084.7913544
1545415084.8292124
1545415084.8655593
1545415084.9037237
1545415084.9402385
1545415084.9765668
1545415085.0152724
