1545414999.8327231
1545414999.865891
1545414999.9027383
1545414999.939723
1545414999.9795976
1545415000.0137002
1545415000.0508296
1545415000.0879037
1545415000.124936
1545415000.1620333
1545415000.1989455
1545415000.2360322
1545415000.2730272
1545415000.3100903
1545415000.3470397
1545415000.3841534
1545415000.4266531
1545415000.4583118
1545415000.4953866
1545415000.5336158
1545415000.5704975
1545415000.606435
1545415000.6439185
1545415000.6860406
1545415000.7193313
1545415000.7547143
1545415000.7919576
1545415000.8318346
1545415000.8696077
1545415000.9027295
1545415000.9398732
1545415000.9771485
1545415001.0181727
1545415001.0527322
1545415001.0901353
1545415001.1250036
1545415001.165019
1545415001.2016697
1545415001.2367554
1545415001.2731516
1545415001.3103523
1545415001.351578
1545415001.3889372
1545415001.4213722
1545415001.4584072
1545415001.4985359
1545415001.5365522
1545415001.5697713
1545415001.6076546
1545415001.643667
1545415001.6844313
1545415001.7193086
1545415001.7546258
1545415001.7975428
1545415001.8309796
1545415001.868036
1545415001.9027538
1545415001.939164
1545415001.9764826
1545415002.0175939
1545415002.0522726
1545415002.086751
1545415002.1237726
1545415002.163204
1545415002.1984906
1545415002.2350137
1545415002.2718973
1545415002.309123
1545415002.3480713
1545415002.3830311
1545415002.4200542
1545415002.4571247
1545415002.4959784
1545415002.5313551
1545415002.5682719
1545415002.6052547
1545415002.6426418
1545415002.6819034
1545415002.7163584
1545415002.7535224
1545415002.7906947
1545415002.8296623
1545415002.865385
1545415002.901543
1545415002.9386022
1545415002.9758193
1545415003.0151951
1545415003.0497692
1545415003.0867124
1545415003.1237566
1545415003.1631896
1545415003.1984732
1545415003.234911
1545415003.271849
1545415003.3092282
1545415003.3484013
1545415003.3830304
1545415003.4200795
1545415003.4570735
1545415003.496362
1545415003.5319364
1545415003.568189
1545415003.605235
1545415003.6422591
1545415003.680646
1545415003.7164261
1545415003.7534342
1545415003.790476
1545415003.8298488
1545415003.8662534
1545415003.90215
1545415003.9385247
1545415003.975886
1545415004.0149772
1545415004.0497518
1545415004.0867398
1545415004.1237757
1545415004.1631866
1545415004.198899
1545415004.2348418
1545415004.2719254
1545415004.30931
1545415004.3483996
1545415004.3830006
1545415004.4200604
1545415004.4570863
1545415004.4966013
1545415004.5319767
1545415004.568248
1545415004.6052418
1545415004.6425865
1545415004.6816711
1545415004.7163649
1545415004.753414
1545415004.7904618
1545415004.829738
1545415004.8654613
1545415004.9017086
1545415004.938565
1545415004.9756925
1545415005.0149555
1545415005.0496755
1545415005.0867352
1545415005.123785
1545415005.1632693
1545415005.198754
1545415005.2350297
1545415005.2719815
1545415005.3091297
1545415005.3485265
1545415005.3831053
1545415005.4201305
1545415005.4570668
1545415005.496783
1545415005.5320556
1545415005.5681598
1545415005.6053078
1545415005.642422
1545415005.681755
1545415005.7165267
1545415005.7533474
1545415005.7904305
1545415005.8297434
1545415005.8654938
1545415005.9015248
1545415005.9385705
1545415005.9756134
1545415006.0154574
1545415006.0497086
1545415006.0870252
1545415006.1238203
1545415006.1635587
1545415006.1988578
1545415006.234906
1545415006.2719355
1545415006.3093696
1545415006.3487458
1545415006.3831122
1545415006.420091
1545415006.4571135
1545415006.4966357
1545415006.5313225
1545415006.5683808
1545415006.6055799
1545415006.6425056
1545415006.6813276
1545415006.718338
1545415006.7533908
1545415006.790462
1545415006.8297405
1545415006.8656766
1545415006.901543
1545415006.9385993
1545415006.975908
1545415007.0145376
1545415007.049714
1545415007.0867412
1545415007.1237347
1545415007.1631813
1545415007.1988
1545415007.2349038
1545415007.2720537
1545415007.3091295
1545415007.3485136
1545415007.3830743
1545415007.4218957
1545415007.4571269
1545415007.496533
1545415007.5322192
1545415007.5682118
1545415007.6052604
1545415007.6425185
1545415007.6819053
1545415007.7164583
1545415007.753415
1545415007.7904763
1545415007.8294525
1545415007.865169
1545415007.901605
1545415007.938571
1545415007.975614
1545415008.0141928
1545415008.0496573
1545415008.086807
1545415008.1256754
1545415008.1631954
1545415008.1980035
1545415008.2354193
1545415008.2719018
1545415008.3093314
1545415008.3476949
1545415008.3840976
1545415008.4201303
1545415008.4571028
1545415008.4963248
1545415008.5322645
1545415008.56827
1545415008.6052823
1545415008.6423655
1545415008.6807094
1545415008.716572
1545415008.7533665
1545415008.7904184
1545415008.8302407
1545415008.8657844
1545415008.9015987
1545415008.9385798
1545415008.975651
1545415009.0151243
1545415009.0497897
1545415009.0867734
1545415009.1237526
1545415009.1633627
1545415009.1988142
1545415009.2347832
1545415009.2719579
1545415009.3089917
1545415009.3474905
1545415009.3830383
1545415009.4200451
1545415009.4571176
1545415009.4966645
1545415009.5324066
1545415009.5681996
1545415009.6052456
1545415009.6424038
1545415009.6819232
1545415009.7164388
1545415009.753386
1545415009.79044
1545415009.82973
1545415009.8654509
1545415009.9015594
1545415009.939761
1545415009.9757924
1545415010.0140467
1545415010.0503418
1545415010.0868506
1545415010.1239004
1545415010.1632771
1545415010.1993477
1545415010.2349234
1545415010.2719781
1545415010.3091474
1545415010.3474963
1545415010.3831353
1545415010.420037
1545415010.4571645
1545415010.4960353
1545415010.5313644
1545415010.5682104
1545415010.6052833
1545415010.6468565
1545415010.6821783
1545415010.716334
1545415010.7535405
1545415010.7904253
1545415010.82988
1545415010.8654306
1545415010.901536
1545415010.9387016
1545415010.9757955
1545415011.0154192
1545415011.050876
1545415011.086774
1545415011.1238005
1545415011.1634474
1545415011.1989048
1545415011.2350483
1545415011.2719893
1545415011.3090582
1545415011.3484747
1545415011.383024
1545415011.4201512
1545415011.4571106
1545415011.496763
1545415011.5322819
1545415011.568258
1545415011.6052332
1545415011.6423464
1545415011.6819458
1545415011.7165368
1545415011.75342
1545415011.7904594
1545415011.8299594
1545415011.8654513
1545415011.9015975
1545415011.9386327
1545415011.9756472
1545415012.014376
1545415012.049804
1545415012.0867014
1545415012.12384
1545415012.163275
1545415012.1993155
1545415012.2349558
1545415012.2719486
1545415012.3090165
1545415012.3468308
1545415012.3830523
1545415012.4201756
1545415012.456982
1545415012.49414
1545415012.5311916
1545415012.5682747
1545415012.605338
1545415012.6423392
1545415012.6792803
1545415012.716379
1545415012.7533965
1545415012.7903767
1545415012.8274877
1545415012.8645358
1545415012.9015427
1545415012.9390767
1545415012.9756503
1545415013.013056
1545415013.0498612
1545415013.0867634
1545415013.123742
1545415013.163047
1545415013.1991875
1545415013.2349331
1545415013.2719624
1545415013.3090003
1545415013.348079
1545415013.383056
1545415013.4201076
1545415013.4570997
1545415013.4962077
1545415013.5322564
1545415013.5681715
1545415013.6052601
1545415013.6423993
1545415013.6814244
1545415013.7164166
1545415013.7533782
1545415013.790449
1545415013.8295214
1545415013.8660398
1545415013.9015331
1545415013.9385786
1545415013.9757059
1545415014.0141358
1545415014.0496688
1545415014.0867784
1545415014.1241212
1545415014.1633499
1545415014.1996117
1545415014.2348645
1545415014.2719228
1545415014.3090725
1545415014.3475835
1545415014.3830142
1545415014.4200847
1545415014.4570863
1545415014.4966662
1545415014.5323029
1545415014.5700307
1545415014.605424
1545415014.642369
1545415014.680964
1545415014.7164106
1545415014.753427
1545415014.7905173
1545415014.8300428
1545415014.8654494
1545415014.9018047
1545415014.938567
1545415014.9756136
1545415015.0141053
1545415015.049766
1545415015.0868504
1545415015.12383
1545415015.16327
1545415015.199023
1545415015.2348487
1545415015.2735877
1545415015.3091204
1545415015.3481395
1545415015.3830247
1545415015.4200783
1545415015.4571257
1545415015.4969003
1545415015.5325232
1545415015.5683815
1545415015.6052845
1545415015.6423113
1545415015.6801803
1545415015.717121
1545415015.7534459
1545415015.7904747
1545415015.8299942
1545415015.865112
1545415015.9015982
1545415015.9385943
1545415015.9804902
1545415016.0142868
1545415016.0498095
1545415016.0867257
1545415016.1237905
1545415016.1633246
1545415016.1989672
1545415016.2349095
1545415016.2719178
1545415016.3090212
1545415016.3469253
1545415016.3838794
1545415016.4201317
1545415016.4570951
1545415016.4968207
1545415016.5316384
1545415016.5683174
1545415016.6052763
1545415016.6423616
1545415016.6804528
1545415016.717207
1545415016.7536128
1545415016.790452
1545415016.8298848
1545415016.8652954
1545415016.9017594
1545415016.9387226
1545415016.9756818
1545415017.0142667
1545415017.050317
1545415017.087839
1545415017.1238928
1545415017.1633341
1545415017.198962
1545415017.2355404
1545415017.2719414
1545415017.309017
1545415017.3476624
1545415017.3837497
1545415017.4201438
1545415017.457095
1545415017.4959342
1545415017.531803
1545415017.5682411
1545415017.6053019
1545415017.642413
1545415017.681001
1545415017.7165558
1545415017.7534769
1545415017.7905545
1545415017.8293717
1545415017.8655534
1545415017.9017825
1545415017.938613
1545415017.9756484
1545415018.0139236
1545415018.0497375
1545415018.0868819
1545415018.1238718
1545415018.16321
1545415018.199698
1545415018.2358766
1545415018.2726796
1545415018.3097706
1545415018.3486946
1545415018.383746
1545415018.4208481
1545415018.4577913
1545415018.4971087
1545415018.533114
1545415018.5689728
1545415018.6059897
1545415018.6430519
1545415018.6817145
1545415018.7173526
1545415018.7542167
1545415018.7912128
1545415018.8308954
1545415018.8662515
1545415018.9026232
1545415018.9393206
1545415018.976399
1545415019.015042
1545415019.0504267
1545415019.0875428
1545415019.1245613
1545415019.1632934
1545415019.19961
1545415019.2362475
1545415019.2726905
1545415019.309733
1545415019.34815
1545415019.383922
1545415019.4208324
1545415019.4578826
1545415019.496811
1545415019.5324025
1545415019.5689573
1545415019.6060996
1545415019.6438575
1545415019.6814172
1545415019.7172136
1545415019.7541482
1545415019.791276
1545415019.8306012
1545415019.8662605
1545415019.9022372
1545415019.9393566
1545415019.9763656
1545415020.0152032
1545415020.0497568
1545415020.0867727
1545415020.123805
1545415020.163352
1545415020.1994011
1545415020.234941
1545415020.2719653
1545415020.3090775
1545415020.347901
1545415020.3831167
1545415020.420203
1545415020.4571054
1545415020.4960291
1545415020.5319293
1545415020.5682964
1545415020.6052816
1545415020.6423428
1545415020.68094
1545415020.719592
1545415020.7535212
1545415020.7905104
1545415020.829879
1545415020.8659954
1545415020.9016654
1545415020.9389274
1545415020.9756129
1545415021.014673
1545415021.0504525
1545415021.0867789
1545415021.1239007
1545415021.1628282
1545415021.1990836
1545415021.2349482
1545415021.2719917
1545415021.3094268
1545415021.3477173
1545415021.3837802
1545415021.4201221
1545415021.4570892
1545415021.4963517
1545415021.5314317
1545415021.568261
1545415021.6052718
1545415021.6430364
1545415021.6803954
1545415021.716268
1545415021.7535388
1545415021.7904847
1545415021.8300576
1545415021.8655176
1545415021.9015737
1545415021.9392369
1545415021.975623
1545415022.0143178
1545415022.0498827
1545415022.0867198
1545415022.123918
1545415022.1625693
1545415022.1987424
1545415022.2350156
1545415022.2719336
1545415022.309021
1545415022.3476667
1545415022.3830802
1545415022.420113
1545415022.457138
1545415022.496693
1545415022.53423
1545415022.568278
1545415022.605328
1545415022.6423087
1545415022.6811383
1545415022.7165468
1545415022.753388
1545415022.7904997
1545415022.8295097
1545415022.86588
1545415022.9016328
1545415022.938545
1545415022.9756134
1545415023.0143034
1545415023.0496767
1545415023.0868032
1545415023.1238263
1545415023.163441
1545415023.199067
1545415023.237809
1545415023.2719896
1545415023.3090312
1545415023.347725
1545415023.383154
1545415023.420092
1545415023.457199
1545415023.496136
1545415023.5324988
1545415023.568261
1545415023.6052227
1545415023.6426337
1545415023.6809025
1545415023.716365
1545415023.7534163
1545415023.7904692
1545415023.8299284
1545415023.8657575
1545415023.9015648
1545415023.9386706
1545415023.9758935
1545415024.014421
1545415024.0507011
1545415024.086763
1545415024.123786
1545415024.1633053
1545415024.1990666
1545415024.2349277
1545415024.2722664
1545415024.3089478
1545415024.347667
1545415024.3830256
1545415024.420078
1545415024.4571161
1545415024.4968016
1545415024.5321565
1545415024.5682292
1545415024.6052418
1545415024.6423156
1545415024.6809967
1545415024.717075
1545415024.7533736
1545415024.7904584
1545415024.8277545
1545415024.8657444
1545415024.9017053
1545415024.9386506
1545415024.9758303
1545415025.014234
1545415025.0521095
1545415025.0867798
1545415025.1237872
1545415025.1627944
1545415025.1990936
1545415025.2348871
1545415025.272008
1545415025.3089287
1545415025.3481095
1545415025.3830671
1545415025.4201589
1545415025.4571576
1545415025.4966266
1545415025.5322976
1545415025.5682375
1545415025.6052365
1545415025.6423008
1545415025.6813395
1545415025.7164495
1545415025.7534888
1545415025.7904296
1545415025.829969
1545415025.8656757
1545415025.9015763
1545415025.9385912
1545415025.9756763
1545415026.014372
1545415026.0497053
1545415026.0867543
1545415026.123755
1545415026.1642082
1545415026.1987965
1545415026.2349272
1545415026.2719827
1545415026.309017
1545415026.3477798
1545415026.3831916
1545415026.4201367
1545415026.4571154
1545415026.4961693
1545415026.532243
1545415026.568303
1545415026.6052942
1545415026.6423075
1545415026.681005
1545415026.7170362
1545415026.7534845
1545415026.7904332
1545415026.8295057
1545415026.8675346
1545415026.901558
1545415026.9385796
1545415026.975639
1545415027.014498
1545415027.0497298
1545415027.0870516
1545415027.1237838
1545415027.1632326
1545415027.1996555
1545415027.2348666
1545415027.2719927
1545415027.308936
1545415027.3473997
1545415027.3837578
1545415027.420081
1545415027.4571564
1545415027.4942021
1545415027.5323713
1545415027.571013
1545415027.605252
1545415027.6422803
1545415027.6810327
1545415027.7164335
1545415027.7535336
1545415027.7904394
1545415027.8295069
1545415027.8659403
1545415027.90226
1545415027.9385889
1545415027.9762475
1545415028.0138674
1545415028.0498705
1545415028.086788
1545415028.1238072
1545415028.1626542
1545415028.1983802
1545415028.2355702
1545415028.2720652
1545415028.3089664
1545415028.347733
1545415028.3830435
1545415028.4202263
1545415028.4571385
1545415028.4943473
1545415028.5318453
1545415028.5684905
1545415028.605342
1545415028.6424737
1545415028.6815479
1545415028.7169852
1545415028.7541194
1545415028.7904978
1545415028.8293192
1545415028.8652928
1545415028.9015536
1545415028.9386153
1545415028.9759328
1545415029.0140605
1545415029.0503871
1545415029.0867434
1545415029.1237857
1545415029.1610281
1545415029.1986356
1545415029.2350414
1545415029.2719343
1545415029.30897
1545415029.3474374
1545415029.386421
1545415029.4200633
1545415029.4571955
1545415029.4942138
1545415029.5325618
1545415029.5682878
1545415029.6054392
1545415029.6423264
1545415029.6804986
1545415029.716509
1545415029.753555
1545415029.7905395
1545415029.827533
1545415029.8651752
1545415029.9017975
1545415029.9386058
1545415029.9756892
1545415030.013974
1545415030.0499282
1545415030.0868511
1545415030.1238616
1545415030.163215
1545415030.1978133
1545415030.235545
1545415030.271897
1545415030.3090835
1545415030.3474305
1545415030.3830953
1545415030.4208264
1545415030.4571269
1545415030.4972959
1545415030.531549
1545415030.5682225
1545415030.6052723
1545415030.6423283
1545415030.681109
1545415030.716641
1545415030.7534196
1545415030.7904623
1545415030.827801
1545415030.86519
1545415030.902081
1545415030.938623
1545415030.975644
1545415031.0146492
1545415031.0497239
1545415031.086722
1545415031.1238759
1545415031.1611078
1545415031.2009192
1545415031.2349799
1545415031.2719371
1545415031.308952
1545415031.3476732
1545415031.383052
1545415031.4202125
1545415031.4571488
1545415031.494188
1545415031.5317178
1545415031.5682068
1545415031.6052623
1545415031.6423337
1545415031.681214
1545415031.716391
1545415031.75346
1545415031.790583
1545415031.8277497
1545415031.865958
1545415031.904658
1545415031.9386113
1545415031.9756346
1545415032.0143669
1545415032.0497956
1545415032.0869024
1545415032.1238713
1545415032.1611989
1545415032.1990073
1545415032.2349277
1545415032.2719758
1545415032.3092391
1545415032.348048
1545415032.383758
1545415032.4201114
1545415032.4570968
1545415032.4952495
1545415032.5313168
1545415032.5684845
1545415032.6053321
1545415032.6423094
1545415032.6807148
1545415032.7170596
1545415032.7534432
1545415032.7907865
1545415032.8278792
1545415032.8662362
1545415032.901598
1545415032.938605
1545415032.975807
1545415033.0181668
1545415033.0498028
1545415033.0868165
1545415033.1238067
1545415033.16287
1545415033.1993582
1545415033.2349305
1545415033.2719216
1545415033.308973
1545415033.3470654
1545415033.3830786
1545415033.4201438
1545415033.4571366
1545415033.4957309
1545415033.531849
1545415033.5682652
1545415033.6052787
1545415033.6423419
1545415033.6813228
1545415033.719172
1545415033.7534165
1545415033.7905335
1545415033.8275392
1545415033.865758
1545415033.9015577
1545415033.9385886
1545415033.975668
1545415034.014453
1545415034.0508926
1545415034.0868442
1545415034.1237652
1545415034.1609383
1545415034.1992934
1545415034.2349174
1545415034.2719207
1545415034.3090227
1545415034.347077
1545415034.3830712
1545415034.4201286
1545415034.4571009
1545415034.49447
1545415034.531983
1545415034.5683093
1545415034.6059356
1545415034.6422799
1545415034.680564
1545415034.7164521
1545415034.7533815
1545415034.7905328
1545415034.8319223
1545415034.866662
1545415034.9022648
1545415034.9393914
1545415034.976418
1545415035.0152838
1545415035.0504565
1545415035.0876262
1545415035.1245046
1545415035.1619592
1545415035.1999838
1545415035.2366917
1545415035.2726927
1545415035.3097103
1545415035.348581
1545415035.3837898
1545415035.4208539
1545415035.4578831
1545415035.495291
1545415035.5365243
1545415035.5690885
1545415035.606016
1545415035.6430306
1545415035.681882
1545415035.7171893
1545415035.754251
1545415035.7912047
1545415035.8284824
1545415035.8664324
1545415035.9024532
1545415035.939376
1545415035.9763923
1545415036.0154119
1545415036.050528
1545415036.0875154
1545415036.1245606
1545415036.1638017
1545415036.1998441
1545415036.2362628
1545415036.2727287
1545415036.3097224
1545415036.3487842
1545415036.3838167
1545415036.420839
1545415036.4579308
1545415036.4960737
1545415036.532496
1545415036.5690503
1545415036.6059318
1545415036.6423473
1545415036.6807678
1545415036.7165153
1545415036.753402
1545415036.790599
1545415036.82786
1545415036.8653088
1545415036.901616
1545415036.9386773
1545415036.9760776
1545415037.0145488
1545415037.0511167
1545415037.0867634
1545415037.1239395
1545415037.1611953
1545415037.1986988
1545415037.2350092
1545415037.2728024
1545415037.309054
1545415037.35095
1545415037.3839588
1545415037.4200916
1545415037.457211
1545415037.4945555
1545415037.5313797
1545415037.5689445
1545415037.6053169
1545415037.6422925
1545415037.6808574
1545415037.7164207
1545415037.754477
1545415037.7905495
1545415037.828018
1545415037.8656316
1545415037.9016032
1545415037.938672
1545415037.9756885
1545415038.014554
1545415038.0501378
1545415038.0869012
1545415038.1237853
1545415038.1609545
1545415038.1986446
1545415038.234953
1545415038.2720125
1545415038.3089628
1545415038.3479974
1545415038.3838227
1545415038.4201596
1545415038.4589524
1545415038.4942365
1545415038.5325592
1545415038.5683525
1545415038.605285
1545415038.642383
1545415038.6812747
1545415038.7166092
1545415038.7535155
1545415038.790469
1545415038.8277993
1545415038.8658974
1545415038.9016507
1545415038.9386392
1545415038.9757106
1545415039.0146766
1545415039.049976
1545415039.0868254
1545415039.1238248
1545415039.1653156
1545415039.1979723
1545415039.2357225
1545415039.272018
1545415039.3090134
1545415039.3474233
1545415039.3837228
1545415039.4201186
1545415039.457175
1545415039.4941714
1545415039.5314198
1545415039.5688772
1545415039.605776
1545415039.642331
1545415039.6807084
1545415039.7171452
1545415039.7535684
1545415039.7904956
1545415039.8275733
1545415039.865913
1545415039.9015834
1545415039.9386945
1545415039.975705
1545415040.0140843
1545415040.0500088
1545415040.0868363
1545415040.1240952
1545415040.1609209
1545415040.1978762
1545415040.2357497
1545415040.2742746
1545415040.3089669
1545415040.3475533
1545415040.3838937
1545415040.4200826
1545415040.457125
1545415040.49417
1545415040.5319426
1545415040.5683017
1545415040.6053052
1545415040.6423054
1545415040.6811566
1545415040.7167897
1545415040.7534344
1545415040.7904985
1545415040.8275225
1545415040.86595
1545415040.9016578
1545415040.938651
1545415040.9758499
1545415041.0145082
1545415041.049731
1545415041.0896978
1545415041.1238363
1545415041.1609278
1545415041.1991806
1545415041.234946
1545415041.2720466
1545415041.3091145
1545415041.3474045
1545415041.3850243
1545415041.4203749
1545415041.4571788
1545415041.494261
1545415041.5313246
1545415041.5683548
1545415041.6053464
1545415041.6423602
1545415041.6811237
1545415041.7165124
1545415041.7534866
1545415041.7904904
1545415041.8276596
1545415041.8658586
1545415041.9016793
1545415041.938735
1545415041.9757168
1545415042.014539
1545415042.0497591
1545415042.0869122
1545415042.1238494
1545415042.1608586
1545415042.1991298
1545415042.2349555
1545415042.2719498
1545415042.3090436
1545415042.3479419
1545415042.3832462
1545415042.4201543
1545415042.4571564
1545415042.4941697
1545415042.5317984
1545415042.5682309
1545415042.6053176
1545415042.642411
1545415042.6814284
1545415042.7173555
1545415042.7536976
1545415042.7906046
1545415042.8275645
1545415042.8652012
1545415042.9016945
1545415042.9386873
1545415042.975681
1545415043.014595
1545415043.0499802
1545415043.0868497
1545415043.1240265
1545415043.1608775
1545415043.200264
1545415043.2356386
1545415043.2720351
1545415043.3089955
1545415043.3472335
1545415043.383769
1545415043.420135
1545415043.457163
1545415043.4941914
1545415043.5321336
1545415043.5682802
1545415043.6053364
1545415043.6424181
1545415043.681425
1545415043.7171826
1545415043.7535148
1545415043.7905831
1545415043.82758
1545415043.865368
1545415043.904096
1545415043.9386666
1545415043.9757392
1545415044.0151186
1545415044.050252
1545415044.0867906
1545415044.1239011
1545415044.1609151
1545415044.1982636
1545415044.235575
1545415044.2719939
1545415044.309098
1545415044.347923
1545415044.3838716
1545415044.4201164
1545415044.4571726
1545415044.4942884
1545415044.531985
1545415044.5682611
1545415044.6053886
1545415044.642404
1545415044.681316
1545415044.7172039
1545415044.7535307
1545415044.7904909
1545415044.828028
1545415044.8653162
1545415044.9016893
1545415044.9386716
1545415044.9756944
1545415045.016192
1545415045.0504634
1545415045.0867825
1545415045.1238315
1545415045.1609962
1545415045.1983807
1545415045.2356322
1545415045.2720478
1545415045.3090408
1545415045.347341
1545415045.3843102
1545415045.4202268
1545415045.4571378
1545415045.4941719
1545415045.5314407
1545415045.568466
1545415045.6054237
1545415045.6423063
1545415045.6810896
1545415045.7197888
1545415045.7534776
1545415045.7907953
1545415045.8276062
1545415045.8650584
1545415045.9015555
1545415045.9386415
1545415045.9758976
1545415046.0147443
1545415046.0504327
1545415046.0868585
1545415046.1252306
1545415046.1611166
1545415046.1985295
1545415046.234992
1545415046.272024
1545415046.3090405
1545415046.348012
1545415046.3837183
1545415046.4202473
1545415046.4571776
1545415046.4943354
1545415046.531975
1545415046.568393
1545415046.605333
1545415046.6423252
1545415046.6813877
1545415046.7169647
1545415046.753431
1545415046.7905204
1545415046.8298647
1545415046.8652391
1545415046.9016325
1545415046.938697
1545415046.9757504
1545415047.0147948
1545415047.0500662
1545415047.0867865
1545415047.1241376
1545415047.1609657
1545415047.1991735
1545415047.2353165
1545415047.2720222
1545415047.309002
1545415047.3480246
1545415047.3837857
1545415047.4205666
1545415047.4571283
1545415047.494238
1545415047.5345316
1545415047.5683398
1545415047.6053176
1545415047.6423218
1545415047.6809468
1545415047.71699
1545415047.7534583
1545415047.7905247
1545415047.827756
1545415047.8647654
1545415047.902153
1545415047.9386516
1545415047.9757075
1545415048.0139203
1545415048.0500405
1545415048.08681
1545415048.1238577
1545415048.1609428
1545415048.1986237
1545415048.2387738
1545415048.2720416
1545415048.309053
1545415048.3478022
1545415048.383854
1545415048.4202187
1545415048.4572108
1545415048.494228
1545415048.532326
1545415048.5683486
1545415048.6053548
1545415048.642328
1545415048.6814246
1545415048.7171857
1545415048.753566
1545415048.7904968
1545415048.8275828
1545415048.8655376
1545415048.9023614
1545415048.938724
1545415048.9757266
1545415049.0146646
1545415049.0501716
1545415049.086833
1545415049.123871
1545415049.1610525
1545415049.198419
1545415049.2349927
1545415049.2720697
1545415049.3090975
1545415049.3492086
1545415049.383717
1545415049.4203753
1545415049.4572406
1545415049.4942575
1545415049.531948
1545415049.568946
1545415049.6060524
1545415049.6424327
1545415049.6807523
1545415049.717094
1545415049.7542217
1545415049.790468
1545415049.8275316
1545415049.8652241
1545415049.9016666
1545415049.938698
1545415049.975717
1545415050.014786
1545415050.0530403
1545415050.0868633
1545415050.1238828
1545415050.1609406
1545415050.1985576
1545415050.2350192
1545415050.2720134
1545415050.309055
1545415050.348024
1545415050.3831975
1545415050.4201431
1545415050.4575834
1545415050.4941895
1545415050.5319335
1545415050.568533
1545415050.6053278
1545415050.6424012
1545415050.6810775
1545415050.7175975
1545415050.7541804
1545415050.7905095
1545415050.8276205
1545415050.8652384
1545415050.9016106
1545415050.9388347
1545415050.9756825
1545415051.0147743
1545415051.0504048
1545415051.0867813
1545415051.1240997
1545415051.1666458
1545415051.1989007
1545415051.234988
1545415051.2719975
1545415051.3092785
1545415051.3473468
1545415051.383117
1545415051.4201155
1545415051.457874
1545415051.494964
1545415051.532141
1545415051.5697687
1545415051.605969
1545415051.6436265
1545415051.6816514
1545415051.71721
1545415051.7548323
1545415051.7912948
1545415051.8284721
1545415051.8654897
1545415051.902956
1545415051.9394379
1545415051.976408
1545415052.0149612
1545415052.0510023
1545415052.0876265
1545415052.1245575
1545415052.162698
1545415052.199376
1545415052.2357478
1545415052.272762
1545415052.3097517
1545415052.3489964
1545415052.3846147
1545415052.4209604
1545415052.4579616
1545415052.4961317
1545415052.532686
1545415052.5690923
1545415052.6060355
1545415052.6430883
1545415052.6818106
1545415052.717818
1545415052.7543113
1545415052.7912993
1545415052.829408
1545415052.8661392
1545415052.9023752
1545415052.9394746
1545415052.9774072
1545415053.01523
1545415053.051732
1545415053.0875726
1545415053.1246452
1545415053.1627102
1545415053.1989958
1545415053.2350206
1545415053.272228
1545415053.3090503
1545415053.3478863
1545415053.3838649
1545415053.4202192
1545415053.4572716
1545415053.4946604
1545415053.531439
1545415053.5687501
1545415053.6060674
1545415053.6424975
1545415053.6853168
1545415053.7166448
1545415053.754213
1545415053.7908974
1545415053.8277934
1545415053.865556
1545415053.9020674
1545415053.938719
1545415053.9756806
1545415054.0145612
1545415054.0503366
1545415054.0871384
1545415054.123998
1545415054.160992
1545415054.1988063
1545415054.23575
1545415054.2721696
1545415054.3090742
1545415054.3475864
1545415054.3839557
1545415054.4202247
1545415054.4572508
1545415054.4943109
1545415054.5321004
1545415054.568486
1545415054.6054044
1545415054.6424239
1545415054.6810713
1545415054.7172086
1545415054.7544546
1545415054.7929268
1545415054.8276157
1545415054.8651178
1545415054.901679
1545415054.938734
1545415054.9757352
1545415055.0141733
1545415055.0505955
1545415055.087028
1545415055.1238627
1545415055.1610286
1545415055.2010021
1545415055.2355711
1545415055.272069
1545415055.3090518
1545415055.3473518
1545415055.3838198
1545415055.4202003
1545415055.457462
1545415055.4943454
1545415055.5314028
1545415055.5683239
1545415055.605406
1545415055.6424315
1545415055.6811397
1545415055.7173119
1545415055.7534873
1545415055.7905395
1545415055.8275926
1545415055.8656116
1545415055.9021225
1545415055.9387121
1545415055.9757252
1545415056.0141892
1545415056.049795
1545415056.0868387
1545415056.1238992
1545415056.160993
1545415056.1989107
1545415056.2355967
1545415056.2720337
1545415056.309029
1545415056.3475027
1545415056.3842509
1545415056.420236
1545415056.4571989
1545415056.4942763
1545415056.5321088
1545415056.568289
1545415056.607325
1545415056.642429
1545415056.6811986
1545415056.7172863
1545415056.7535024
1545415056.7905786
1545415056.8276064
1545415056.8653324
1545415056.9017189
1545415056.9387162
1545415056.9757473
1545415057.014564
1545415057.0506113
1545415057.086968
1545415057.123879
1545415057.1610086
1545415057.1983242
1545415057.2349982
1545415057.2720504
1545415057.3092418
1545415057.348228
1545415057.383801
1545415057.4202025
1545415057.4572263
1545415057.4943454
1545415057.532155
1545415057.5683832
1545415057.6054344
1545415057.642451
1545415057.6795266
1545415057.7186463
1545415057.7535365
1545415057.7906337
1545415057.8276029
1545415057.8646529
1545415057.9017785
1545415057.9386873
1545415057.975762
1545415058.0144842
1545415058.0505803
1545415058.0875673
1545415058.124617
1545415058.1610649
1545415058.1984725
1545415058.2356975
1545415058.2723918
1545415058.3091004
1545415058.3475628
1545415058.3831265
1545415058.4231477
1545415058.457208
1545415058.4943244
1545415058.5320623
1545415058.5683172
1545415058.6059272
1545415058.6424081
1545415058.6810217
1545415058.7167728
1545415058.7536619
1545415058.7905045
1545415058.827574
1545415058.8649247
1545415058.901931
1545415058.9387894
1545415058.9757214
1545415059.0144193
1545415059.0504825
1545415059.0875094
1545415059.1263192
1545415059.1609378
1545415059.1981387
1545415059.2355855
1545415059.272307
1545415059.3092113
1545415059.3476515
1545415059.3837967
1545415059.4204636
1545415059.45723
1545415059.494548
1545415059.5321445
1545415059.5688314
1545415059.6061742
1545415059.6424134
1545415059.6812758
1545415059.7177458
1545415059.7541988
1545415059.790603
1545415059.8320308
1545415059.8651426
1545415059.9020727
1545415059.938782
1545415059.9758403
1545415060.0144231
1545415060.05046
1545415060.0874548
1545415060.1239448
1545415060.1609645
1545415060.198342
1545415060.2382154
1545415060.27206
1545415060.3090699
1545415060.3475666
1545415060.3836105
1545415060.4205017
1545415060.4577656
1545415060.4942553
1545415060.531565
1545415060.5684624
1545415060.6060274
1545415060.6424313
1545415060.6810038
1545415060.7165022
1545415060.754215
1545415060.7905555
1545415060.82767
1545415060.8650045
1545415060.9023747
1545415060.939497
1545415060.975786
1545415061.0141907
1545415061.050632
1545415061.0874894
1545415061.1239305
1545415061.1610944
1545415061.1981394
1545415061.2356687
1545415061.2720356
1545415061.3090627
1545415061.347846
1545415061.3840024
1545415061.4211464
1545415061.4573417
1545415061.4942973
1545415061.5316918
1545415061.5683088
1545415061.6058323
1545415061.6478794
1545415061.6809385
1545415061.716442
1545415061.7541423
1545415061.7905955
1545415061.827684
1545415061.8648286
1545415061.9023926
1545415061.9388647
1545415061.9757125
1545415062.014977
1545415062.0516334
1545415062.0868368
1545415062.124078
1545415062.1609945
1545415062.1987066
1545415062.235653
1545415062.2730005
1545415062.3091145
1545415062.347898
1545415062.3839805
1545415062.4203248
1545415062.4572463
1545415062.4943497
1545415062.5317674
1545415062.5684164
1545415062.6054459
1545415062.6424665
1545415062.6815221
1545415062.7170703
1545415062.7546668
1545415062.790772
1545415062.8276181
1545415062.8649616
1545415062.902056
1545415062.9388628
1545415062.9759479
1545415063.0147545
1545415063.0504446
1545415063.0868497
1545415063.1238973
1545415063.1613128
1545415063.1984203
1545415063.2356021
1545415063.2720675
1545415063.3090882
1545415063.348223
1545415063.383864
1545415063.4208276
1545415063.4602294
1545415063.4944491
1545415063.5317073
1545415063.5685492
1545415063.6054428
1545415063.642457
1545415063.6810002
1545415063.7172105
1545415063.7536178
1545415063.7906344
1545415063.8276246
1545415063.8661642
1545415063.9019182
1545415063.9387202
1545415063.975833
1545415064.0152843
1545415064.050042
1545415064.0869026
1545415064.123931
1545415064.160947
1545415064.1983688
1545415064.2359726
1545415064.2727
1545415064.3090904
1545415064.347972
1545415064.3831925
1545415064.4203095
1545415064.4571915
1545415064.4944117
1545415064.5321722
1545415064.5695717
1545415064.6056557
1545415064.6425183
1545415064.6810825
1545415064.7177842
1545415064.75367
1545415064.7906268
1545415064.8276355
1545415064.865498
1545415064.901788
1545415064.9387827
1545415064.9757366
1545415065.0146081
1545415065.0508506
1545415065.0870538
1545415065.123894
1545415065.1609325
1545415065.1983168
1545415065.23505
1545415065.2720442
1545415065.30907
1545415065.3476963
1545415065.3837814
1545415065.4208345
1545415065.4572184
1545415065.4943247
1545415065.531611
1545415065.568757
1545415065.6054225
1545415065.6424081
1545415065.6815953
1545415065.7174892
1545415065.7535481
1545415065.7905443
1545415065.8275683
1545415065.8649745
1545415065.9017024
1545415065.9387963
1545415065.9757607
1545415066.0153072
1545415066.0506518
1545415066.086835
1545415066.1239004
1545415066.161045
1545415066.1984534
1545415066.2354732
1545415066.272733
1545415066.3091643
1545415066.3477027
1545415066.3856475
1545415066.420212
1545415066.4573596
1545415066.4943378
1545415066.5317035
1545415066.5684648
1545415066.6053753
1545415066.6425433
1545415066.6808972
1545415066.716588
1545415066.7542212
1545415066.7905338
1545415066.827637
1545415066.8649428
1545415066.901743
1545415066.938689
1545415066.9757273
1545415067.0146148
1545415067.0507965
1545415067.0869908
1545415067.1239634
1545415067.1609678
1545415067.198345
1545415067.235122
1545415067.272095
1545415067.3091784
1545415067.3478663
1545415067.3839447
1545415067.4202344
1545415067.4573667
1545415067.4970956
1545415067.5314453
1545415067.568758
1545415067.6054652
1545415067.6424139
1545415067.6812546
1545415067.7170246
1545415067.7535958
1545415067.7906213
1545415067.8276339
1545415067.865152
1545415067.9025187
1545415067.9387589
1545415067.9758184
1545415068.0154297
1545415068.0517485
1545415068.0877614
1545415068.1246538
1545415068.1617522
1545415068.2021627
1545415068.2363484
1545415068.2737556
1545415068.309855
1545415068.3486757
1545415068.3846118
1545415068.4209116
1545415068.4579935
1545415068.495074
1545415068.5320368
1545415068.569951
1545415068.6062336
1545415068.6431968
1545415068.6817324
1545415068.7172878
1545415068.7543926
1545415068.7912927
1545415068.8283937
1545415068.8656511
1545415068.9027627
1545415068.9395158
1545415068.9764879
1545415069.015361
1545415069.051291
1545415069.087617
1545415069.1246512
1545415069.1618288
1545415069.1989932
1545415069.2367308
1545415069.2728
1545415069.310087
1545415069.3485327
1545415069.3840551
1545415069.4213219
1545415069.458071
1545415069.4950774
1545415069.532353
1545415069.5696754
1545415069.6061466
1545415069.6433253
1545415069.6820543
1545415069.7172225
1545415069.7549484
1545415069.7920105
1545415069.827757
1545415069.864998
1545415069.901786
1545415069.9387608
1545415069.975899
1545415070.017877
1545415070.0507758
1545415070.086925
1545415070.1240537
1545415070.1612227
1545415070.198383
1545415070.2360232
1545415070.2721407
1545415070.309171
1545415070.3478541
1545415070.3843253
1545415070.4203355
1545415070.457348
1545415070.4945157
1545415070.5314858
1545415070.5692956
1545415070.6054518
1545415070.642447
1545415070.6810868
1545415070.71713
1545415070.7536445
1545415070.7907083
1545415070.827852
1545415070.8649266
1545415070.9018538
1545415070.9394858
1545415070.9758089
1545415071.0144522
1545415071.0500746
1545415071.0871212
1545415071.1251428
1545415071.1610281
1545415071.1981745
1545415071.2357218
1545415071.2722294
1545415071.3091407
1545415071.3480387
1545415071.3839052
1545415071.4202654
1545415071.457342
1545415071.4945173
1545415071.5314536
1545415071.5696127
1545415071.6053941
1545415071.6425095
1545415071.6812587
1545415071.7166297
1545415071.7538242
1545415071.7906702
1545415071.8319929
1545415071.8649702
1545415071.9023695
1545415071.9388669
1545415071.9764347
1545415072.0156066
1545415072.0501115
1545415072.0870237
1545415072.1239977
1545415072.160965
1545415072.1982746
1545415072.2356262
1545415072.2720964
1545415072.309853
1545415072.347248
1545415072.383636
1545415072.4203491
1545415072.4572842
1545415072.4944315
1545415072.532675
1545415072.568461
1545415072.6061
1545415072.6427033
1545415072.6808019
1545415072.7166426
1545415072.753568
1545415072.790738
1545415072.8277411
1545415072.864922
1545415072.902883
1545415072.9400728
1545415072.975837
1545415073.013878
1545415073.0502036
1545415073.0870051
1545415073.123967
1545415073.1609967
1545415073.198351
1545415073.2360542
1545415073.272168
1545415073.3092253
1545415073.34739
1545415073.3836365
1545415073.421005
1545415073.4572558
1545415073.4944458
1545415073.53152
1545415073.5684965
1545415073.6056783
1545415073.6434934
1545415073.680496
1545415073.716847
1545415073.7539847
1545415073.7907329
1545415073.827893
1545415073.8648481
1545415073.9024036
1545415073.938744
1545415073.9759004
1545415074.01441
1545415074.05019
1545415074.086895
1545415074.1239767
1545415074.161053
1545415074.1983235
1545415074.236726
1545415074.2729595
1545415074.3091652
1545415074.351284
1545415074.3835223
1545415074.420261
1545415074.4573143
1545415074.4943628
1545415074.5314426
1545415074.5686147
1545415074.606298
1545415074.6424935
1545415074.6810794
1545415074.7166004
1545415074.7544844
1545415074.7906356
1545415074.8276951
1545415074.8647788
1545415074.9019213
1545415074.9388306
1545415074.9758139
1545415075.0144541
1545415075.0521126
1545415075.0875833
1545415075.1239903
1545415075.1612406
1545415075.1983836
1545415075.2352955
1545415075.2721205
1545415075.3092024
1545415075.3480659
1545415075.3839655
1545415075.420229
1545415075.4572437
1545415075.4944987
1545415075.5320344
1545415075.5687072
1545415075.6061087
1545415075.6425138
1545415075.6811647
1545415075.7171223
1545415075.7551
1545415075.7908025
1545415075.827633
1545415075.8650115
1545415075.9019608
1545415075.9387853
1545415075.975837
1545415076.015365
1545415076.0501387
1545415076.086902
1545415076.1239495
1545415076.160934
1545415076.1982963
1545415076.2351284
1545415076.2721012
1545415076.3091433
1545415076.348028
1545415076.3838842
1545415076.421551
1545415076.459741
1545415076.4943302
1545415076.5315728
1545415076.5683954
1545415076.6060574
1545415076.6424806
1545415076.6813717
1545415076.717269
1545415076.7536821
1545415076.7906303
1545415076.8276613
1545415076.8650208
1545415076.9017975
1545415076.9389915
1545415076.9758275
1545415077.0146406
1545415077.049939
1545415077.0874565
1545415077.1239932
1545415077.166829
1545415077.198255
1545415077.235278
1545415077.272787
1545415077.3091395
1545415077.3478973
1545415077.3841143
1545415077.4204445
1545415077.4573305
1545415077.4943347
1545415077.5315356
1545415077.5694928
1545415077.6054273
1545415077.642506
1545415077.681283
1545415077.7165728
1545415077.7538373
1545415077.790609
1545415077.8276594
1545415077.8648443
1545415077.9028351
1545415077.9391115
1545415077.975827
1545415078.0156384
1545415078.050577
1545415078.0869231
1545415078.1239495
1545415078.161069
1545415078.1982162
1545415078.2359781
1545415078.272907
1545415078.3092537
1545415078.34774
1545415078.3834972
1545415078.4210255
1545415078.4573717
1545415078.494385
1545415078.5317686
1545415078.5690355
1545415078.605671
1545415078.6424801
1545415078.6814377
1545415078.7167325
1545415078.7548
1545415078.7907467
1545415078.828044
1545415078.8647861
1545415078.9017694
1545415078.9388416
1545415078.9809344
1545415079.0144992
1545415079.0499902
1545415079.0872838
1545415079.1246934
1545415079.1611292
1545415079.1982622
1545415079.2360368
1545415079.272358
1545415079.309463
1545415079.348391
1545415079.3860948
1545415079.420293
1545415079.4573922
1545415079.4943948
1545415079.5314589
1545415079.569622
1545415079.6054213
1545415079.6425872
1545415079.6811097
1545415079.7168615
1545415079.7543135
1545415079.790656
1545415079.8279936
1545415079.8647695
1545415079.9024842
1545415079.9391263
1545415079.976069
1545415080.0152912
1545415080.0500474
1545415080.0883734
1545415080.1240516
1545415080.1610072
1545415080.198165
1545415080.2351992
1545415080.2721264
1545415080.3092628
1545415080.3479164
1545415080.383287
1545415080.4202123
1545415080.457527
1545415080.4943566
1545415080.531614
1545415080.5684426
1545415080.6054351
1545415080.6425316
1545415080.6815386
1545415080.716558
1545415080.753824
1545415080.7948895
1545415080.8278615
1545415080.8650093
1545415080.9023762
1545415080.939722
1545415080.9758983
1545415081.014665
1545415081.050657
1545415081.0869727
1545415081.1240115
1545415081.161045
1545415081.199304
1545415081.235389
1545415081.2721689
1545415081.3091488
1545415081.3477755
1545415081.383219
1545415081.4203453
1545415081.45738
1545415081.4943898
1545415081.5316503
1545415081.5690413
1545415081.6054604
1545415081.6425595
1545415081.6809776
1545415081.7173393
1545415081.7537067
1545415081.7907038
1545415081.8276885
1545415081.864768
1545415081.9041903
1545415081.9388685
1545415081.9758177
1545415082.0157301
1545415082.050168
1545415082.0869396
1545415082.1239522
1545415082.1611404
1545415082.1984234
1545415082.235744
1545415082.272119
1545415082.309139
1545415082.3478878
1545415082.3836682
1545415082.4213724
1545415082.4574635
1545415082.494375
1545415082.5316958
1545415082.569126
1545415082.6055775
1545415082.6426756
1545415082.6812756
1545415082.716929
1545415082.7536144
1545415082.7906299
1545415082.8277235
1545415082.865066
1545415082.9024422
1545415082.9388394
1545415082.9758089
1545415083.0151134
1545415083.0500903
1545415083.0877354
1545415083.1240387
1545415083.161026
1545415083.1982057
1545415083.2357771
1545415083.2721515
1545415083.3091738
1545415083.3478482
1545415083.3840222
1545415083.4221334
1545415083.4573407
1545415083.4944274
1545415083.5315244
1545415083.569142
1545415083.606077
1545415083.6424587
1545415083.6816347
1545415083.7198153
1545415083.7537014
1545415083.7906914
1545415083.8276925
1545415083.8648071
1545415083.9023085
1545415083.9387727
1545415083.975877
1545415084.015312
1545415084.0500486
1545415084.0875247
1545415084.1246893
1545415084.161
1545415084.1981242
1545415084.235105
1545415084.2721667
1545415084.3097517
1545415084.3478434
1545415084.3834696
1545415084.4208894
1545415084.457355
1545415084.494535
1545415084.531551
1545415084.5696673
1545415084.6054888
1545415084.6432405
1545415084.6819096
1545415084.7175388
1545415084.7547712
1545415084.7913544
1545415084.8292124
1545415084.8655593
1545415084.9037237
1545415084.9402385
1545415084.9765668
1545415085.0152724
1545415085.0508318
1545415085.0883589
1545415085.1251929
1545415085.1618347
1545415085.2006578
1545415085.2365887
1545415085.2733934
1545415085.309804
1545415085.3494449
1545415085.3918982
1545415085.4210815
1545415085.4580054
1545415085.495045
1545415085.533913
1545415085.5691507
1545415085.6061096
1545415085.6432118
1545415085.6814506
1545415085.717319
1545415085.7543113
1545415085.7914903
1545415085.828629
1545415085.8656085
1545415085.902451
1545415085.9395275
1545415085.976637
1545415086.0140178
1545415086.0506961
1545415086.0877156
1545415086.1247358
1545415086.161837
1545415086.1988628
1545415086.2366476
1545415086.2729414
1545415086.3099513
1545415086.3471591
1545415086.3979218
1545415086.4205453
1545415086.45744
1545415086.4942548
1545415086.539576
1545415086.5893047
1545415086.605601
1545415086.642509
1545415086.679417
1545415086.7166414
1545415086.753581
1545415086.7906528
1545415086.8276832
1545415086.864712
1545415086.901768
1545415086.941191
1545415086.9758086
1545415087.0127797
1545415087.0499845
1545415087.086943
1545415087.1239922
1545415087.1609309
1545415087.1980522
1545415087.2351255
1545415087.2721148
1545415087.309113
1545415087.3460662
1545415087.383275
1545415087.4203112
1545415087.4572856
1545415087.4943583
1545415087.5314102
1545415087.5683887
1545415087.6054459
1545415087.6441069
1545415087.6794357
1545415087.7165895
1545415087.753594
1545415087.7906134
1545415087.8276758
1545415087.864686
1545415087.9024394
1545415087.9393408
1545415087.9758267
1545415088.0144327
1545415088.050105
1545415088.0877166
1545415088.1239798
1545415088.1612332
1545415088.1982706
1545415088.235753
1545415088.2720985
1545415088.3091967
1545415088.3505619
1545415088.3832536
1545415088.42113
1545415088.4572554
1545415088.4944513
1545415088.5313861
1545415088.569024
1545415088.605379
1545415088.6424208
1545415088.6810262
1545415088.7166185
1545415088.7543066
1545415088.7907174
1545415088.8276672
1545415088.8647652
1545415088.9023137
1545415088.9387727
1545415088.9758382
1545415089.0144954
1545415089.0528493
1545415089.087753
1545415089.1239414
1545415089.1609654
1545415089.1980996
1545415089.2357757
1545415089.272094
1545415089.30914
1545415089.3479345
1545415089.3835053
1545415089.4208949
1545415089.4578967
1545415089.494666
1545415089.5316005
1545415089.5690317
1545415089.605388
1545415089.6424363
1545415089.6810658
1545415089.7165596
1545415089.7570148
1545415089.7906606
1545415089.8276148
1545415089.8647716
1545415089.902375
1545415089.9388201
1545415089.9758236
1545415090.0153036
1545415090.0501134
1545415090.0879128
1545415090.1241822
1545415090.1610296
1545415090.198338
1545415090.2357428
1545415090.2721384
1545415090.3091362
1545415090.3477376
1545415090.3833828
1545415090.4212015
1545415090.4573283
1545415090.4943805
1545415090.5317311
1545415090.568983
1545415090.6057136
1545415090.6425226
1545415090.6809943
1545415090.7166183
1545415090.7543948
1545415090.7906237
1545415090.8276453
1545415090.86576
1545415090.902271
1545415090.9387383
1545415090.9758077
1545415091.0142677
1545415091.0502398
1545415091.087341
1545415091.1241152
1545415091.1610076
1545415091.1980157
1545415091.235701
1545415091.2720814
1545415091.3091304
1545415091.3478625
1545415091.3834355
1545415091.4210865
1545415091.4572868
1545415091.4943829
1545415091.531612
1545415091.5693705
1545415091.605458
1545415091.6424735
1545415091.681283
1545415091.716845
1545415091.754315
1545415091.790687
1545415091.8276756
1545415091.8649774
1545415091.9023373
1545415091.9387758
1545415091.9758213
1545415092.015702
1545415092.0500069
1545415092.087871
1545415092.1239035
1545415092.1610942
1545415092.1980715
1545415092.2357152
1545415092.274068
1545415092.309105
1545415092.3477674
1545415092.3834496
1545415092.420948
1545415092.4573412
1545415092.4943135
1545415092.531467
1545415092.5686884
1545415092.6059916
1545415092.6430395
1545415092.6810322
1545415092.7165701
1545415092.7536469
1545415092.7906187
1545415092.8277464
1545415092.8649035
1545415092.901742
1545415092.9390054
1545415092.9803824
1545415093.0145023
1545415093.050013
1545415093.0871198
1545415093.1248145
1545415093.1611571
1545415093.198261
1545415093.23502
1545415093.2722237
1545415093.3092053
1545415093.3476498
1545415093.3832433
1545415093.4208715
1545415093.457317
1545415093.4943135
1545415093.5315516
1545415093.5685315
1545415093.6060383
1545415093.6424491
1545415093.681179
1545415093.7166831
1545415093.7541463
1545415093.7905881
1545415093.8277187
1545415093.8651977
1545415093.9018958
1545415093.9387124
1545415093.9758205
1545415094.0158093
1545415094.0501897
1545415094.0879793
1545415094.1239743
1545415094.1610205
1545415094.1982439
1545415094.235086
1545415094.2724197
1545415094.3091204
1545415094.3479357
1545415094.3834963
1545415094.4211397
1545415094.4572852
1545415094.494393
1545415094.53155
1545415094.5691042
1545415094.6053724
1545415094.6424165
1545415094.6812854
1545415094.7166142
1545415094.7540252
1545415094.7913544
1545415094.8276405
1545415094.8650045
1545415094.9017885
1545415094.9387634
1545415094.9758823
1545415095.014785
1545415095.0499325
1545415095.0874836
1545415095.1240082
1545415095.161053
1545415095.1981878
1545415095.2359455
1545415095.272445
1545415095.3091013
1545415095.3479757
1545415095.3832574
1545415095.4209154
1545415095.45737
1545415095.4958224
1545415095.5316095
1545415095.5686007
1545415095.6059375
1545415095.6425674
1545415095.6812034
1545415095.7166004
1545415095.7538533
1545415095.7912407
1545415095.8277926
1545415095.8648899
1545415095.9026117
1545415095.938749
1545415095.975837
1545415096.0154552
1545415096.0500474
1545415096.0878944
1545415096.1240282
1545415096.1610518
1545415096.1981835
1545415096.2357156
1545415096.2729404
1545415096.309128
1545415096.3477647
1545415096.3832443
1545415096.420429
1545415096.457307
1545415096.4943488
1545415096.5315638
1545415096.5685372
1545415096.6088314
1545415096.642497
1545415096.6811798
1545415096.7168412
1545415096.7543252
1545415096.7906582
1545415096.8276951
1545415096.8650866
1545415096.901748
1545415096.9387977
1545415096.9759123
1545415097.0145285
1545415097.0499105
1545415097.0877461
1545415097.1239972
1545415097.1610382
1545415097.198244
1545415097.2357886
1545415097.2723746
1545415097.3092594
1545415097.3477743
1545415097.3831813
1545415097.4208713
1545415097.4573112
1545415097.4943354
1545415097.5317411
1545415097.5687194
1545415097.6054535
1545415097.6424656
1545415097.681191
1545415097.7188969
1545415097.753998
1545415097.7906039
1545415097.8277023
1545415097.8653548
1545415097.90209
1545415097.938795
1545415097.9759183
1545415098.015667
1545415098.0502844
1545415098.088082
1545415098.1240506
1545415098.16108
1545415098.1985004
1545415098.2354221
1545415098.2721767
1545415098.309139
1545415098.3480482
1545415098.3836892
1545415098.4238868
1545415098.4573224
1545415098.4944203
1545415098.531502
1545415098.569035
1545415098.6054654
1545415098.6425147
1545415098.6812449
1545415098.7168527
1545415098.7541716
1545415098.7906394
1545415098.8276548
1545415098.8649952
1545415098.9021146
1545415098.9388192
1545415098.9757984
1545415099.014534
1545415099.0501888
1545415099.0878131
1545415099.1241202
1545415099.1609535
1545415099.1982622
1545415099.2357967
1545415099.2721324
1545415099.3091867
1545415099.3479302
1545415099.383374
1545415099.4210672
1545415099.4572551
1545415099.4943597
1545415099.5316815
1545415099.5686526
1545415099.6054282
1545415099.6424234
1545415099.6811156
1545415099.7165377
1545415099.7545536
1545415099.790618
1545415099.8276823
1545415099.8648958
1545415099.9020317
1545415099.9387674
1545415099.9758165
1545415100.0156648
1545415100.0499988
1545415100.087988
1545415100.1239536
1545415100.1609545
1545415100.1982603
1545415100.2381334
1545415100.2722158
1545415100.3090901
1545415100.347803
1545415100.3831856
1545415100.4213457
1545415100.4572644
1545415100.4943113
1545415100.5316136
1545415100.5686674
1545415100.6053946
1545415100.6423726
1545415100.681122
1545415100.7165666
1545415100.7546928
1545415100.7906914
1545415100.8276346
1545415100.8650105
1545415100.9024143
1545415100.9388356
1545415100.9759028
1545415101.0144906
1545415101.0498729
1545415101.0881088
1545415101.1239467
1545415101.1610932
1545415101.1983202
1545415101.2362866
1545415101.2730083
1545415101.3098521
1545415101.35133
1545415101.3841412
1545415101.4220104
1545415101.4579499
1545415101.4950063
1545415101.532299
1545415101.5694845
1545415101.6061845
1545415101.6432266
1545415101.6819701
1545415101.7173774
1545415101.7553432
1545415101.7912996
1545415101.8283882
1545415101.8656497
1545415101.9026456
1545415101.9400666
1545415101.9767308
1545415102.016186
1545415102.050825
1545415102.088264
1545415102.1247313
1545415102.1617515
1545415102.1990006
1545415102.236033
1545415102.273169
1545415102.309888
1545415102.348542
1545415102.3839
1545415102.4216216
1545415102.4595912
1545415102.4950871
1545415102.5323024
1545415102.5693269
1545415102.6061125
1545415102.6431205
1545415102.6818938
1545415102.7172897
1545415102.7549932
1545415102.7913415
1545415102.8283422
1545415102.8656294
1545415102.902705
1545415102.940178
1545415102.9770753
1545415103.0145295
1545415103.049891
1545415103.086996
1545415103.1240258
1545415103.1612823
1545415103.1982718
1545415103.2351377
1545415103.272145
1545415103.3093898
1545415103.347799
1545415103.3831983
1545415103.420301
1545415103.4579453
1545415103.4946213
1545415103.5316656
1545415103.5711162
1545415103.6061525
1545415103.6424575
1545415103.6815228
1545415103.716575
1545415103.7537792
1545415103.7917607
1545415103.8276215
1545415103.8650126
1545415103.901776
1545415103.9387946
1545415103.9758065
1545415104.0157785
1545415104.0502017
1545415104.0882068
1545415104.1240609
1545415104.161052
1545415104.1983063
1545415104.235884
1545415104.2742844
1545415104.3092804
1545415104.3480227
1545415104.3833492
1545415104.4205961
1545415104.457275
1545415104.4944987
1545415104.5316327
1545415104.569242
1545415104.6055856
1545415104.6424496
1545415104.6813765
1545415104.7166815
1545415104.754523
1545415104.7907429
1545415104.8277607
1545415104.8655314
1545415104.9022055
1545415104.9394045
1545415104.977847
1545415105.0144463
1545415105.0500252
1545415105.0876858
1545415105.1239338
1545415105.1612136
1545415105.1984274
1545415105.2358181
1545415105.2722242
1545415105.3092465
1545415105.3480353
1545415105.3840563
1545415105.4209223
1545415105.4573057
1545415105.4948547
1545415105.5317261
1545415105.568803
1545415105.605647
1545415105.6426003
1545415105.6812396
1545415105.7166214
1545415105.7546895
1545415105.790938
1545415105.8277547
1545415105.8650148
1545415105.90257
1545415105.9387584
1545415105.9759805
1545415106.0156662
1545415106.0500658
1545415106.0884736
1545415106.1239953
1545415106.1611004
1545415106.1983829
1545415106.2360063
1545415106.2725658
1545415106.3094814
1545415106.3478737
1545415106.3834457
1545415106.4213536
1545415106.457377
1545415106.4943445
1545415106.5316997
1545415106.569063
1545415106.605631
1545415106.6424925
1545415106.6812253
1545415106.716695
1545415106.7542708
1545415106.7935395
1545415106.8277266
1545415106.8650765
1545415106.902065
1545415106.9387965
1545415106.9758298
1545415107.0144458
1545415107.0499074
1545415107.0875123
1545415107.1240284
1545415107.161008
1545415107.198504
1545415107.2359016
1545415107.2721117
1545415107.3092093
1545415107.3479936
1545415107.3832846
1545415107.420892
1545415107.4573078
1545415107.494415
1545415107.5315917
1545415107.5687323
1545415107.605654
1545415107.6431837
1545415107.681306
1545415107.7167742
1545415107.7536585
1545415107.7915175
1545415107.8277686
1545415107.864993
1545415107.9018693
1545415107.9394732
1545415107.9758322
1545415108.0146086
1545415108.0500891
1545415108.0876775
1545415108.1239767
1545415108.1610355
1545415108.198363
1545415108.2353868
1545415108.2725804
1545415108.3092682
1545415108.3478112
1545415108.383539
1545415108.4209642
1545415108.4573648
1545415108.4944384
1545415108.5317602
1545415108.5686977
1545415108.6063745
1545415108.6424844
1545415108.681202
1545415108.716589
1545415108.7543924
1545415108.7912433
1545415108.8277047
1545415108.8651342
1545415108.9020112
1545415108.9391468
1545415108.9758766
1545415109.014652
1545415109.049879
1545415109.08753
1545415109.1239986
1545415109.1610851
1545415109.1983888
1545415109.235202
1545415109.2728834
1545415109.3093634
1545415109.3479104
1545415109.3832514
1545415109.4203057
1545415109.4574478
1545415109.4943461
1545415109.5316894
1545415109.5686052
1545415109.6062498
1545415109.6425416
1545415109.6812482
1545415109.7189357
1545415109.7544413
1545415109.7906256
1545415109.827675
1545415109.8650856
1545415109.9021025
1545415109.939455
1545415109.9758365
1545415110.014555
1545415110.0499954
1545415110.0875778
1545415110.1240106
1545415110.1610215
1545415110.198379
1545415110.2353241
1545415110.2725322
1545415110.3092
1545415110.3477745
1545415110.3832862
1545415110.4226067
1545415110.4574065
1545415110.4943068
1545415110.531757
1545415110.56871
1545415110.6063828
1545415110.6425328
1545415110.6812708
1545415110.716578
1545415110.75425
1545415110.7906592
1545415110.8277051
1545415110.8651779
1545415110.901946
