1545412928.3794017
1545412928.3851697
1545412928.3898475
1545412928.3947268
1545412928.3994968
1545412928.4039972
1545412928.4084578
1545412928.4133554
1545412928.4182117
1545412928.4226465
1545412928.4273474
1545412928.4320688
1545412928.4367335
1545412928.441175
1545412928.44595
1545412928.4511726
1545412928.4557576
1545412928.4603264
1545412928.464941
1545412928.4694123
1545412928.473931
1545412928.4787273
1545412928.4848392
1545412928.4894183
1545412928.4941394
1545412928.4989786
1545412928.5035698
1545412928.507985
1545412928.51195
1545412928.5157068
1545412928.5191107
1545412928.5223129
1545412928.525604
1545412928.528988
1545412928.5323832
1545412928.5357707
1545412928.539061
1545412928.542197
1545412928.545975
1545412928.5503154
1545412928.5539303
1545412928.5575476
1545412928.5612593
1545412928.564604
1545412928.5678282
1545412928.5709763
1545412928.5741713
1545412928.5776558
1545412928.5814693
1545412928.585233
1545412928.588642
1545412928.5918367
1545412928.5953557
1545412928.5988603
1545412928.6022124
1545412928.6054106
1545412928.608646
1545412928.6119525
1545412928.6156144
1545412928.6190805
1545412928.6222014
1545412928.6253803
1545412928.6285827
1545412928.631894
1545412928.6351388
1545412928.6384718
1545412928.642082
1545412928.6457138
1545412928.6493852
1545412928.6526375
1545412928.6558516
1545412928.6592405
1545412928.6627274
1545412928.666784
1545412928.670071
1545412928.673342
1545412928.6766152
1545412928.679856
1545412928.6858506
1545412928.6892269
1545412928.692408
1545412928.6959326
1545412928.6995707
1545412928.7027507
1545412928.705855
1545412928.70904
1545412928.712287
1545412928.7156103
1545412928.7189054
1545412928.7221735
1545412928.7254157
1545412928.7285995
1545412928.7318172
1545412928.7354245
1545412928.7391846
1545412928.742568
1545412928.746122
1545412928.7502584
1545412928.7536411
1545412928.7567961
1545412928.760178
1545412928.7634566
1545412928.7674627
1545412928.7707295
1545412928.774028
1545412928.777472
1545412928.7809167
1545412928.7856026
1545412928.7888176
1545412928.792022
1545412928.7955706
1545412928.7988257
1545412928.8021429
1545412928.8053043
1545412928.8084426
1545412928.8119147
1545412928.8153317
1545412928.8185341
1545412928.821672
1545412928.8248
1545412928.828318
1545412928.83157
1545412928.834992
1545412928.8380797
1545412928.8412716
1545412928.844693
1545412928.8479369
1545412928.8512564
1545412928.8544807
1545412928.857576
1545412928.8610332
1545412928.8643007
1545412928.867672
1545412928.8707979
1545412928.8738682
1545412928.8772752
1545412928.8806577
1545412928.884011
1545412928.8879693
1545412928.8911166
1545412928.8946424
1545412928.8978992
1545412928.9011366
1545412928.9042566
1545412928.9074051
1545412928.9110022
1545412928.914235
1545412928.917721
1545412928.9211426
1545412928.9244027
1545412928.9279428
1545412928.931678
1545412928.935358
1545412928.9388926
1545412928.9423668
1545412928.9461608
1545412928.9504879
1545412928.954063
1545412928.95758
1545412928.9612668
1545412928.9647422
1545412928.968588
1545412928.9721642
1545412928.9757626
1545412928.9798822
1545412928.9841728
1545412928.9885411
1545412928.992127
1545412928.995843
1545412928.9998887
1545412929.003278
1545412929.006416
1545412929.0098102
1545412929.0132174
1545412929.0171092
1545412929.0203512
1545412929.0235238
1545412929.0268497
1545412929.030232
1545412929.0341702
1545412929.0374293
1545412929.0405457
1545412929.0439916
1545412929.0472488
1545412929.0506084
1545412929.0538094
1545412929.056905
1545412929.0603638
1545412929.0636885
1545412929.067218
1545412929.0704148
1545412929.0735447
1545412929.0769792
1545412929.0802324
1545412929.0839248
1545412929.0872538
1545412929.0912497
1545412929.0943608
1545412929.0977554
1545412929.1012623
1545412929.1044493
1545412929.1075292
1545412929.1111066
1545412929.1143496
1545412929.1176028
1545412929.120731
1545412929.123885
1545412929.127278
1545412929.130559
1545412929.1338885
1545412929.1370654
1545412929.1401997
1545412929.1435568
1545412929.1468844
1545412929.1504898
1545412929.1537087
1545412929.1568344
1545412929.1602209
1545412929.1635122
1545412929.167179
1545412929.1703596
1545412929.1734977
1545412929.1769054
1545412929.1802258
1545412929.1838086
1545412929.1883597
1545412929.1916149
1545412929.1950583
1545412929.198313
1545412929.2015512
1545412929.204648
1545412929.2078052
1545412929.2113945
1545412929.2146318
1545412929.2179065
1545412929.2211273
1545412929.2243123
1545412929.2279518
1545412929.2316103
1545412929.2352228
1545412929.2387362
1545412929.2421548
1545412929.245835
1545412929.2498846
1545412929.2530868
1545412929.2562056
1545412929.2594545
1545412929.2630875
1545412929.2670128
1545412929.2702475
1545412929.273375
1545412929.2768176
1545412929.280105
1545412929.2837708
1545412929.2884655
1545412929.2916634
1545412929.2952094
1545412929.2985132
1545412929.3017654
1545412929.3048952
1545412929.3080163
1545412929.3115904
1545412929.3148863
1545412929.3184392
1545412929.321881
1545412929.3250844
1545412929.328491
1545412929.3317504
1545412929.335033
1545412929.3382168
1545412929.3413446
1545412929.3449337
1545412929.3482075
1545412929.3514688
1545412929.3545823
1545412929.3576968
1545412929.3611057
1545412929.364355
1545412929.3676648
1545412929.370861
1545412929.373987
1545412929.3773992
1545412929.3807507
1545412929.384161
1545412929.3889742
1545412929.392245
1545412929.3956158
1545412929.398891
1545412929.402231
1545412929.4054062
1545412929.4085166
1545412929.412074
1545412929.4153583
1545412929.4185474
1545412929.421624
1545412929.424737
1545412929.4282315
1545412929.431458
1545412929.4346979
1545412929.4378462
1545412929.4409761
1545412929.4443507
1545412929.4476295
1545412929.4508736
1545412929.4539897
1545412929.4570892
1545412929.4607296
1545412929.4642696
1545412929.4677489
1545412929.4710963
1545412929.4744852
1545412929.4782636
1545412929.4816477
1545412929.485268
1545412929.4900837
1545412929.4936025
1545412929.4970026
1545412929.500502
1545412929.5037365
1545412929.5068996
1545412929.5105042
1545412929.514098
1545412929.517711
1545412929.5213282
1545412929.5247111
1545412929.5285778
1545412929.5319495
1545412929.5353205
1545412929.5385082
1545412929.5417058
1545412929.545089
1545412929.548459
1545412929.5517097
1545412929.554872
1545412929.5579405
1545412929.5614157
1545412929.5646682
1545412929.567928
1545412929.5710924
1545412929.5742052
1545412929.5777526
1545412929.5810401
1545412929.5843413
1545412929.5876074
1545412929.5915098
1545412929.5950246
1545412929.5982497
1545412929.60148
1545412929.604586
1545412929.6077082
1545412929.6112545
1545412929.614552
1545412929.617766
1545412929.6208591
1545412929.6240034
1545412929.6274002
1545412929.6306314
1545412929.6340048
1545412929.637196
1545412929.640262
1545412929.6436095
1545412929.646984
1545412929.6505766
1545412929.6539063
1545412929.657048
1545412929.6609702
1545412929.6644878
1545412929.6677418
1545412929.670902
1545412929.6740608
1545412929.6776297
1545412929.680921
1545412929.684208
1545412929.687355
1545412929.6920831
1545412929.6955087
1545412929.698793
1545412929.7021852
1545412929.7053154
1545412929.708429
1545412929.7120895
1545412929.7155583
1545412929.7188663
1545412929.7220006
1545412929.7251472
1545412929.7285721
1545412929.7318091
1545412929.7350287
1545412929.7381067
1545412929.7411883
1545412929.744753
1545412929.747953
1545412929.7512717
1545412929.7544427
1545412929.757594
1545412929.7610722
1545412929.7644045
1545412929.767668
1545412929.7708266
1545412929.7739582
1545412929.7774951
1545412929.780825
1545412929.7841287
1545412929.7873123
1545412929.7907376
1545412929.7942958
1545412929.7977073
1545412929.8009531
1545412929.8041353
1545412929.8073099
1545412929.8108008
1545412929.814159
1545412929.817446
1545412929.8206813
1545412929.8238413
1545412929.8273056
1545412929.8306077
1545412929.8338902
1545412929.8371327
1545412929.840282
1545412929.843761
1545412929.8470428
1545412929.8506055
1545412929.8537836
1545412929.8569102
1545412929.860367
1545412929.863645
1545412929.8672838
1545412929.8705585
1545412929.8736541
1545412929.8767705
1545412929.880395
1545412929.8838875
1545412929.887835
1545412929.8914673
1545412929.895474
1545412929.8992922
1545412929.9028127
1545412929.9063272
1545412929.9099536
1545412929.9137797
1545412929.917934
1545412929.9214733
1545412929.924992
1545412929.928873
1545412929.9326425
1545412929.9362454
1545412929.9397082
1545412929.9434736
1545412929.9473689
1545412929.9514458
1545412929.9555073
1545412929.9591856
1545412929.963275
1545412929.9675715
1545412929.9711452
1545412929.97466
1545412929.9785566
1545412929.9823692
1545412929.986116
1545412929.989676
1545412929.9934924
1545412929.9976554
1545412930.0013402
1545412930.0048091
1545412930.008285
1545412930.012243
1545412930.0160215
1545412930.0196521
1545412930.023097
1545412930.0268967
1545412930.0306885
1545412930.034681
1545412930.0382302
1545412930.041719
1545412930.0457768
1545412930.0496862
1545412930.0532503
1545412930.0567112
1545412930.0601757
1545412930.0639167
1545412930.0678926
1545412930.0710063
1545412930.0741184
1545412930.0774605
1545412930.0806603
1545412930.0839
1545412930.0869808
1545412930.090026
1545412930.093425
1545412930.0984595
1545412930.1017547
1545412930.1049213
1545412930.1079848
1545412930.111395
1545412930.114638
1545412930.1178455
1545412930.1209776
1545412930.1240401
1545412930.1270783
1545412930.1304023
1545412930.133857
1545412930.1370065
1545412930.140084
1545412930.1434004
1545412930.146645
1545412930.1503108
1545412930.1534286
1545412930.1564813
1545412930.1598022
1545412930.163064
1545412930.1668046
1545412930.1699219
1545412930.1729565
1545412930.176012
1545412930.1791365
1545412930.1829133
1545412930.1860826
1545412930.189239
1545412930.1924284
1545412930.1967173
1545412930.2005103
1545412930.2037108
1545412930.2068217
1545412930.2101054
1545412930.213448
1545412930.217133
1545412930.2202976
1545412930.2234342
1545412930.2265291
1545412930.2296693
1545412930.2336502
1545412930.236939
1545412930.2400525
1545412930.2434275
1545412930.2466786
1545412930.2505398
1545412930.2537625
1545412930.256872
1545412930.2602437
1545412930.2635972
1545412930.267199
1545412930.270388
1545412930.2734935
1545412930.2766435
1545412930.2797017
1545412930.2837584
1545412930.287072
1545412930.2902029
1545412930.2937286
1545412930.2979417
1545412930.3013713
1545412930.3046222
1545412930.3077047
1545412930.311237
1545412930.31444
1545412930.3177202
1545412930.3208659
1545412930.3239162
1545412930.3273735
1545412930.330887
1545412930.3342779
1545412930.3373826
1545412930.3404527
1545412930.3437715
1545412930.3469632
1545412930.3505204
1545412930.3536494
1545412930.356707
1545412930.3597324
1545412930.3632092
1545412930.3669562
1545412930.3700583
1545412930.3731208
1545412930.3764322
1545412930.3796227
1545412930.3832815
1545412930.3864052
1545412930.389478
1545412930.3925328
1545412930.3979094
1545412930.401385
1545412930.4045086
1545412930.4075685
1545412930.4106476
1545412930.414089
1545412930.417493
1545412930.4205556
1545412930.4236581
1545412930.4269888
1545412930.4301853
1545412930.4338334
1545412930.4369717
1545412930.4400008
1545412930.4431753
1545412930.4466484
1545412930.4503784
1545412930.4534943
1545412930.4565852
1545412930.459631
1545412930.4629195
1545412930.4668305
1545412930.469978
1545412930.47303
1545412930.4760976
1545412930.4793625
1545412930.4831398
1545412930.486372
1545412930.4895408
1545412930.4926634
1545412930.49627
1545412930.5008748
1545412930.5041373
1545412930.5073216
1545412930.5104325
1545412930.5139346
1545412930.517423
1545412930.520548
1545412930.5236645
1545412930.526967
1545412930.530473
1545412930.5339303
1545412930.537163
1545412930.5402505
1545412930.543434
1545412930.5469728
1545412930.5506477
1545412930.5538104
1545412930.557003
1545412930.5601006
1545412930.563673
1545412930.5671988
1545412930.5703275
1545412930.5734794
1545412930.5765865
1545412930.5799026
1545412930.5838776
1545412930.5870528
1545412930.5901961
1545412930.593787
1545412930.5972533
1545412930.600766
1545412930.6039178
1545412930.6070457
1545412930.6101453
1545412930.6136413
1545412930.6172802
1545412930.6205003
1545412930.623598
1545412930.6266637
1545412930.6300945
1545412930.6338747
1545412930.6370053
1545412930.640109
1545412930.6435406
1545412930.6468313
1545412930.6505837
1545412930.653783
1545412930.6568897
1545412930.6604085
1545412930.6639605
1545412930.6675372
1545412930.670802
1545412930.6739028
1545412930.6772468
1545412930.6804585
1545412930.6839364
1545412930.6871054
1545412930.6902077
1545412930.6935399
1545412930.6970885
1545412930.700853
1545412930.7040968
1545412930.7072432
1545412930.710582
1545412930.7139645
1545412930.7175753
1545412930.7209055
1545412930.7241297
1545412930.7274237
1545412930.731058
1545412930.7347205
1545412930.7379723
1545412930.74119
1545412930.7449207
1545412930.7482219
1545412930.7516432
1545412930.7548966
1545412930.7581024
1545412930.7617962
1545412930.7651472
1545412930.7684276
1545412930.7716465
1545412930.7749531
1545412930.778699
1545412930.7820432
1545412930.7854085
1545412930.7886462
1545412930.791945
1545412930.795619
1545412930.8016846
1545412930.80496
1545412930.808158
1545412930.8119206
1545412930.8154845
1545412930.8191376
1545412930.8224363
1545412930.8259618
1545412930.8295074
1545412930.8336205
1545412930.837204
1545412930.840487
1545412930.843764
1545412930.8470273
1545412930.8510208
1545412930.854583
1545412930.85789
1545412930.8615353
1545412930.8649712
1545412930.868217
1545412930.8714488
1545412930.8746858
1545412930.878312
1545412930.8817387
1545412930.8851435
1545412930.8883035
1545412930.8915865
1545412930.895038
1545412930.8984666
1545412930.9026225
1545412930.9058795
1545412930.9091213
1545412930.9126766
1545412930.916704
1545412930.9200404
1545412930.923334
1545412930.927004
1545412930.9303467
1545412930.934069
1545412930.9373617
1545412930.940684
1545412930.9441106
1545412930.947928
1545412930.9513738
1545412930.9545841
1545412930.9578428
1545412930.9613945
1545412930.9649282
1545412930.9683008
1545412930.9715896
1545412930.9749224
1545412930.9787962
1545412930.982182
1545412930.9856465
1545412930.9888709
1545412930.9924097
1545412930.9962
1545412931.0002975
1545412931.0041757
1545412931.007447
1545412931.011129
1545412931.0145843
1545412931.0178978
1545412931.0212357
1545412931.0244837
1545412931.0280504
1545412931.0314603
1545412931.0348625
1545412931.038138
1545412931.041434
1545412931.0453482
1545412931.0487282
1545412931.052018
1545412931.0553184
1545412931.0587587
1545412931.0625563
1545412931.0667129
1545412931.0699918
1545412931.0732677
1545412931.076803
1545412931.0802844
1545412931.0840864
1545412931.0873654
1545412931.0905976
1545412931.0941253
1545412931.097542
1545412931.100959
1545412931.1055703
1545412931.1090648
1545412931.1128259
1545412931.1168406
1545412931.1201165
1545412931.1233704
1545412931.1269307
1545412931.130371
1545412931.1341648
1545412931.1374302
1545412931.1406844
1545412931.1441712
1545412931.1480765
1545412931.1518207
1545412931.155379
1545412931.158983
1545412931.1629596
1545412931.167163
1545412931.1703906
1545412931.1736467
1545412931.1772912
1545412931.180608
1545412931.184229
1545412931.187544
1545412931.1907272
1545412931.19431
1545412931.197754
1545412931.201257
1545412931.2045612
1545412931.2077591
1545412931.2113721
1545412931.2147825
1545412931.2180748
1545412931.2213504
1545412931.2245877
1545412931.2279375
1545412931.2312539
1545412931.2346995
1545412931.2379153
1545412931.2410982
1545412931.2446043
1545412931.2479377
1545412931.2513134
1545412931.2546422
1545412931.257833
1545412931.2613723
1545412931.264743
1545412931.2680793
1545412931.2712748
1545412931.274545
1545412931.2780592
1545412931.281438
1545412931.284854
1545412931.288092
1545412931.2913651
1545412931.295021
1545412931.2983027
1545412931.301733
1545412931.3056068
1545412931.3088198
1545412931.312506
1545412931.3165846
1545412931.3199375
1545412931.3232033
1545412931.326743
1545412931.3301394
1545412931.3340995
1545412931.3374612
1545412931.340753
1545412931.344344
1545412931.3477046
1545412931.3511915
1545412931.3544059
1545412931.357712
1545412931.3613691
1545412931.364785
1545412931.368158
1545412931.3714485
1545412931.3746688
1545412931.3781152
1545412931.381443
1545412931.3848503
1545412931.3881097
1545412931.391372
1545412931.3948977
1545412931.3983617
1545412931.4017377
1545412931.4057004
1545412931.4091523
1545412931.4126344
1545412931.4166555
1545412931.420073
1545412931.4234846
1545412931.4270782
1545412931.430456
1545412931.4347973
1545412931.4384444
1545412931.4421482
1545412931.4462874
1545412931.4508379
1545412931.454534
1545412931.458107
1545412931.4623468
1545412931.4662242
1545412931.4700115
1545412931.4735498
1545412931.477391
1545412931.4811196
1545412931.4848642
1545412931.4884863
1545412931.4921036
1545412931.4963527
1545412931.500775
1545412931.5045574
1545412931.5082362
1545412931.512397
1545412931.5163178
1545412931.5199327
1545412931.5234203
1545412931.5273387
1545412931.5310338
1545412931.5348408
1545412931.5387745
1545412931.5427861
1545412931.54654
1545412931.5511246
1545412931.5549026
1545412931.5584679
1545412931.5622902
1545412931.566518
1545412931.5703378
1545412931.5738962
1545412931.578061
1545412931.582446
1545412931.5867572
1545412931.5906959
1545412931.5949268
1545412931.598806
1545412931.6026974
1545412931.6063178
1545412931.6102903
1545412931.61408
1545412931.618077
1545412931.6213872
1545412931.6246164
1545412931.6282194
1545412931.6316967
1545412931.6350665
1545412931.6381962
1545412931.6414382
1545412931.6450477
1545412931.6484303
1545412931.652221
1545412931.6554816
1545412931.6587055
1545412931.6624777
1545412931.667003
1545412931.670461
1545412931.6737037
1545412931.6771472
1545412931.6809115
1545412931.684413
1545412931.6876554
1545412931.690862
1545412931.6944993
1545412931.6978698
1545412931.7014973
1545412931.7047799
1545412931.7094493
1545412931.712867
1545412931.7169104
1545412931.7202518
1545412931.7234466
1545412931.7268882
1545412931.7302244
1545412931.7341614
1545412931.7375393
1545412931.7406952
1545412931.7441256
1545412931.747535
1545412931.7510397
1545412931.7542477
1545412931.7575293
1545412931.7610817
1545412931.7643907
1545412931.768094
1545412931.7714584
1545412931.7746115
1545412931.7780902
1545412931.7817473
1545412931.7850583
1545412931.7882617
1545412931.79153
1545412931.7949488
1545412931.7982783
1545412931.8015442
1545412931.804704
1545412931.8100226
1545412931.8133733
1545412931.8172495
1545412931.8204916
1545412931.8236578
1545412931.8270912
1545412931.830415
1545412931.8339996
1545412931.83723
1545412931.840477
1545412931.8442273
1545412931.8476086
1545412931.8510127
1545412931.8542736
1545412931.8574626
1545412931.8615615
1545412931.8654366
1545412931.869196
1545412931.8727303
1545412931.8765535
1545412931.8801873
1545412931.8840864
1545412931.8874764
1545412931.890723
1545412931.8943946
1545412931.8977528
1545412931.9012232
1545412931.904486
1545412931.9078157
1545412931.9121819
1545412931.91563
1545412931.91939
1545412931.9226243
1545412931.9261284
1545412931.9296196
1545412931.9337466
1545412931.9370887
1545412931.9403121
1545412931.9439015
1545412931.9473445
1545412931.9507883
1545412931.954186
1545412931.9573867
1545412931.9609618
1545412931.964352
1545412931.967777
1545412931.9711597
1545412931.974344
1545412931.9780455
1545412931.981353
1545412931.9848077
1545412931.988033
1545412931.9912553
1545412931.994778
1545412931.9981487
1545412932.0015578
1545412932.005276
1545412932.0089257
1545412932.0130622
1545412932.0170667
1545412932.0203562
1545412932.0236228
1545412932.0272796
1545412932.030539
1545412932.0341802
1545412932.0373983
1545412932.04058
1545412932.044237
1545412932.0476458
1545412932.0510492
1545412932.0542643
1545412932.0574636
1545412932.0609097
1545412932.0642786
1545412932.0677774
1545412932.0713289
1545412932.0746446
1545412932.0781586
1545412932.081515
1545412932.084857
1545412932.0880241
1545412932.0911763
1545412932.0947263
1545412932.0980082
1545412932.1013372
1545412932.1045575
1545412932.10773
1545412932.11132
1545412932.1157227
1545412932.119209
1545412932.122448
1545412932.1258278
1545412932.1290448
1545412932.1325448
1545412932.136295
1545412932.1396308
1545412932.1429417
1545412932.146251
1545412932.150677
1545412932.154043
1545412932.1573644
1545412932.1606734
1545412932.1638985
1545412932.1679718
1545412932.1713684
1545412932.1745687
1545412932.1779497
1545412932.1814828
1545412932.1848624
1545412932.1880996
1545412932.191467
1545412932.1950858
1545412932.1984303
1545412932.201701
1545412932.2048576
1545412932.2080312
1545412932.213329
1545412932.2175105
1545412932.2207866
1545412932.2239535
1545412932.227537
1545412932.2308455
1545412932.2342277
1545412932.2374592
1545412932.2407184
1545412932.2442286
1545412932.24755
1545412932.2509694
1545412932.2541966
1545412932.2573752
1545412932.260916
1545412932.26421
1545412932.2675667
1545412932.2708127
1545412932.2740116
1545412932.2775357
1545412932.2814214
1545412932.2847142
1545412932.2879171
1545412932.2911425
1545412932.2945943
1545412932.2978787
1545412932.3012714
1545412932.3045278
1545412932.3077493
1545412932.311172
1545412932.3153367
1545412932.3187387
1545412932.3219354
1545412932.3252063
1545412932.3288994
1545412932.3322086
1545412932.3355138
1545412932.3386817
1545412932.3419461
1545412932.3455884
1545412932.348942
1545412932.3522599
1545412932.3555326
1545412932.358933
1545412932.3622952
1545412932.365457
1545412932.3687806
1545412932.3719618
1545412932.3751445
1545412932.3785546
1545412932.3818865
1545412932.3851335
1545412932.3883064
1545412932.3916042
1545412932.3950825
1545412932.3984144
1545412932.4017553
1545412932.4049318
1545412932.4080827
1545412932.411654
1545412932.4159017
1545412932.4194095
1545412932.4226747
1545412932.4260516
1545412932.4294815
1545412932.4333773
1545412932.4366364
1545412932.4398632
1545412932.4432492
1545412932.446605
1545412932.4505587
1545412932.4538612
1545412932.4570622
1545412932.4606433
1545412932.4639487
1545412932.4675193
1545412932.470801
1545412932.4739714
1545412932.477525
1545412932.48084
1545412932.4842396
1545412932.4875884
1545412932.4907706
1545412932.494308
1545412932.4976902
1545412932.5010753
1545412932.5042634
1545412932.5075092
1545412932.5110981
1545412932.5166364
1545412932.5199735
1545412932.5231264
1545412932.5265741
1545412932.5299587
1545412932.5338144
1545412932.5370264
1545412932.540194
1545412932.5436347
1545412932.5469463
1545412932.550751
1545412932.5539815
1545412932.5571768
1545412932.5606246
1545412932.5638983
1545412932.5674343
1545412932.5706499
1545412932.5738113
1545412932.5772913
1545412932.580595
1545412932.584069
1545412932.5873582
1545412932.5905354
1545412932.5939932
1545412932.5973153
1545412932.6007109
1545412932.6039507
1545412932.6071155
1545412932.6105862
1545412932.6158757
1545412932.619171
1545412932.6223903
1545412932.6258476
1545412932.6294425
1545412932.633433
1545412932.6367378
1545412932.6399274
1545412932.6433737
1545412932.6466956
1545412932.6506932
1545412932.6540434
1545412932.6572587
1545412932.661088
1545412932.6643732
1545412932.6677368
1545412932.6710036
1545412932.6741633
1545412932.6779487
1545412932.6812778
1545412932.6846378
1545412932.6879573
1545412932.6911862
1545412932.6947644
1545412932.6980968
1545412932.7014122
1545412932.7046204
1545412932.7078176
1545412932.7114937
1545412932.7167616
1545412932.7200027
1545412932.7231965
1545412932.7266042
1545412932.730163
1545412932.7340267
1545412932.7373402
1545412932.7405808
1545412932.7441256
1545412932.7474885
1545412932.7509534
1545412932.7542143
1545412932.7574654
1545412932.7611651
1545412932.7645137
1545412932.7678852
1545412932.7713304
1545412932.7745202
1545412932.7781978
1545412932.7816184
1545412932.784939
1545412932.78816
1545412932.7914147
1545412932.7950237
1545412932.798388
1545412932.8017297
1545412932.8050208
1545412932.8082728
1545412932.8118
1545412932.8180711
1545412932.8214417
1545412932.824721
1545412932.8282967
1545412932.8316953
1545412932.8351953
1545412932.838384
1545412932.8416226
1545412932.8451467
1545412932.8484251
1545412932.8518693
1545412932.8551443
1545412932.8583493
1545412932.8620148
1545412932.8653626
1545412932.8687325
1545412932.8719347
1545412932.8753057
1545412932.8789227
1545412932.8822713
1545412932.8857381
1545412932.8889463
1545412932.8920712
1545412932.8955257
1545412932.898864
1545412932.9022183
1545412932.905496
1545412932.9087186
1545412932.9121263
1545412932.9182966
1545412932.9216177
1545412932.9248126
1545412932.9282196
1545412932.9315336
1545412932.9349496
1545412932.9381733
1545412932.9413033
1545412932.9448261
1545412932.9481483
1545412932.9514744
1545412932.9547002
1545412932.957911
1545412932.9614625
1545412932.964801
1545412932.9681578
1545412932.971423
1545412932.974637
1545412932.9781852
1545412932.9815419
1545412932.984854
1545412932.9881043
1545412932.991332
1545412932.9948337
1545412932.9981775
1545412933.002239
1545412933.0058591
1545412933.009481
1545412933.013441
1545412933.0195
1545412933.0230439
1545412933.0268738
1545412933.0305161
1545412933.0347714
1545412933.038405
1545412933.0419037
1545412933.0457764
1545412933.0495658
1545412933.053256
1545412933.0567408
1545412933.0605454
1545412933.0642903
1545412933.068307
1545412933.0719235
1545412933.0754492
1545412933.0793672
1545412933.0831223
1545412933.0867975
1545412933.0903602
1545412933.0942051
1545412933.097937
1545412933.1017332
1545412933.105307
1545412933.108906
1545412933.1130376
1545412933.117573
1545412933.1226974
1545412933.12639
1545412933.1304414
1545412933.1348057
1545412933.1385584
1545412933.1421459
1545412933.1460495
1545412933.1499588
1545412933.1535914
1545412933.1570895
1545412933.1611197
1545412933.1655781
1545412933.169615
1545412933.1732042
1545412933.1770458
1545412933.1807828
1545412933.1849294
1545412933.188672
1545412933.1929255
1545412933.1966162
1545412933.2008631
1545412933.2041676
1545412933.2073367
1545412933.2108169
1545412933.214192
1545412933.2204273
1545412933.2236836
1545412933.227225
1545412933.2306705
1545412933.2341383
1545412933.2374136
1545412933.240617
1545412933.2440987
1545412933.2478082
1545412933.251181
1545412933.2544744
1545412933.2576973
1545412933.261305
1545412933.2647252
1545412933.268016
1545412933.271323
1545412933.2745247
1545412933.278126
1545412933.2815247
1545412933.284975
1545412933.288213
1545412933.2914515
1545412933.2949739
1545412933.2982833
1545412933.3015509
1545412933.3047934
1545412933.3079548
1545412933.3114653
1545412933.3148115
1545412933.3197522
1545412933.323019
1545412933.3264802
1545412933.3297775
1545412933.333752
1545412933.337104
1545412933.3403194
1545412933.3438818
1545412933.347254
1545412933.3508093
1545412933.3540962
1545412933.3573437
1545412933.3609354
1545412933.364248
1545412933.3677404
1545412933.3710532
1545412933.3742905
1545412933.3778841
1545412933.3821146
1545412933.3864512
1545412933.390336
1545412933.3944888
1545412933.3983243
1545412933.4022958
1545412933.4058993
1545412933.4098003
1545412933.4136033
1545412933.4185958
1545412933.4230003
1545412933.4267838
1545412933.4305
1545412933.4353116
1545412933.4388266
1545412933.4425347
1545412933.4468822
1545412933.451927
1545412933.4555664
1545412933.4590938
1545412933.4637518
1545412933.468926
1545412933.4724507
1545412933.4762611
1545412933.4806638
1545412933.4855852
1545412933.4890924
1545412933.4927533
1545412933.4971528
1545412933.5022695
1545412933.5058846
1545412933.5097318
1545412933.5137038
1545412933.5186667
1545412933.5232012
1545412933.5270207
1545412933.530677
1545412933.5354266
1545412933.5390682
1545412933.5428276
1545412933.5470922
1545412933.5519388
1545412933.5555992
1545412933.5593529
1545412933.5637755
1545412933.5690434
1545412933.5725584
1545412933.576458
1545412933.5808926
1545412933.5858936
1545412933.5895357
1545412933.5933206
1545412933.5969338
1545412933.6022892
1545412933.6058228
1545412933.609613
1545412933.613832
1545412933.6186314
1545412933.6228435
1545412933.6267035
1545412933.6306913
1545412933.6352465
1545412933.6387644
1545412933.6422453
1545412933.646826
1545412933.6519794
1545412933.6555612
1545412933.659473
1545412933.663804
1545412933.6689591
1545412933.6725101
1545412933.676384
1545412933.680393
1545412933.6856225
1545412933.6891665
1545412933.6929913
1545412933.69734
1545412933.7023392
1545412933.7059088
1545412933.7097335
1545412933.7144003
1545412933.7188559
1545412933.7237196
1545412933.727843
1545412933.7314706
1545412933.7356005
1545412933.739143
1545412933.7429802
1545412933.7472417
1545412933.7519934
1545412933.7555344
1545412933.7590528
1545412933.763716
1545412933.7692862
1545412933.773356
1545412933.7772224
1545412933.7809157
1545412933.7858055
1545412933.789327
1545412933.793063
1545412933.7974057
1545412933.8023248
1545412933.805908
1545412933.8097644
1545412933.8138342
1545412933.8186615
1545412933.8251355
1545412933.8293316
1545412933.8345027
1545412933.8380697
1545412933.841508
1545412933.8455389
1545412933.8490934
1545412933.8526368
1545412933.8561652
1545412933.8596764
1545412933.8638284
1545412933.8690624
1545412933.8725522
1545412933.876349
1545412933.8802357
1545412933.8856
1545412933.8891065
1545412933.8928072
1545412933.8969085
1545412933.9022884
1545412933.905839
1545412933.9095817
1545412933.9139113
1545412933.9186273
1545412933.9223213
1545412933.926711
1545412933.930569
1545412933.9353304
1545412933.9390419
1545412933.9424872
1545412933.9467044
1545412933.951888
1545412933.9555306
1545412933.9591737
1545412933.9633543
1545412933.9689074
1545412933.9725802
1545412933.976452
1545412933.9806988
1545412933.9859967
1545412933.989745
1545412933.99375
1545412933.9984486
1545412934.0028691
1545412934.0069816
1545412934.0115404
1545412934.015462
1545412934.0191922
1545412934.0228386
1545412934.0282025
1545412934.0319524
1545412934.0355804
1545412934.0390007
1545412934.0428357
1545412934.047195
1545412934.0520253
1545412934.05559
1545412934.0590866
1545412934.0629058
1545412934.068522
1545412934.0720608
1545412934.0757809
1545412934.080108
1545412934.085585
1545412934.0890777
1545412934.0927417
1545412934.098013
1545412934.1025558
1545412934.1060228
1545412934.1098216
1545412934.1139777
1545412934.1186104
1545412934.122174
1545412934.1260154
1545412934.1310093
1545412934.1359155
1545412934.1394577
1545412934.143134
1545412934.1469364
1545412934.1523523
1545412934.155946
1545412934.1594174
1545412934.1630836
1545412934.1691916
1545412934.1729827
1545412934.1766906
1545412934.1810083
1545412934.1862683
1545412934.1899996
1545412934.193535
1545412934.1972747
1545412934.2029822
1545412934.207242
1545412934.2108798
1545412934.2150319
1545412934.2190557
1545412934.222603
1545412934.2281432
1545412934.2319176
1545412934.2365618
1545412934.2401354
1545412934.243783
1545412934.247882
1545412934.2529879
1545412934.2567694
1545412934.260259
1545412934.2638505
1545412934.269527
1545412934.2732196
1545412934.2774594
1545412934.2811337
1545412934.2857106
1545412934.2894318
1545412934.2937996
1545412934.2980413
1545412934.3024948
1545412934.3060834
1545412934.3103716
1545412934.3142793
1545412934.3188787
1545412934.3227124
1545412934.3278422
1545412934.3319757
1545412934.3365865
1545412934.3401659
1545412934.3439133
1545412934.3480265
1545412934.3526626
1545412934.356305
1545412934.3601263
1545412934.3642194
1545412934.3698807
1545412934.3735974
1545412934.3772445
1545412934.380812
1545412934.3870394
1545412934.3912163
1545412934.3958385
1545412934.4021678
1545412934.4058661
1545412934.409662
1545412934.4134219
1545412934.4192338
1545412934.4230692
1545412934.4294124
1545412934.4350207
1545412934.4387815
1545412934.442506
1545412934.446171
1545412934.4516168
1545412934.4560666
1545412934.4596727
1545412934.464053
1545412934.4702077
1545412934.4739044
1545412934.4784942
1545412934.484968
1545412934.4889858
1545412934.4931862
1545412934.4977055
1545412934.5024092
1545412934.506026
1545412934.5097878
1545412934.5135074
1545412934.5194616
1545412934.5232801
1545412934.5297122
1545412934.5357113
1545412934.5394416
1545412934.543123
1545412934.547219
1545412934.552487
1545412934.556293
1545412934.5601275
1545412934.5645049
1545412934.5702283
1545412934.573869
1545412934.577584
1545412934.581294
1545412934.5868857
1545412934.5904067
1545412934.594121
1545412934.5980282
1545412934.6035082
1545412934.6071253
1545412934.6108584
1545412934.6150062
1545412934.6196308
1545412934.6233764
1545412934.6273103
1545412934.6324096
1545412934.6367106
1545412934.6403756
1545412934.644288
1545412934.6481292
1545412934.6524935
1545412934.656118
1545412934.6600852
1545412934.663954
1545412934.6698732
1545412934.6736412
1545412934.6772416
1545412934.6808872
1545412934.6867442
1545412934.6910548
1545412934.695327
1545412934.7013097
1545412934.7051842
1545412934.7086692
1545412934.7122638
1545412934.7181585
1545412934.722176
1545412934.7260563
1545412934.7310007
1545412934.7362516
1545412934.74009
1545412934.7437656
1545412934.7480667
1545412934.7521634
1545412934.7561371
1545412934.7600975
1545412934.764879
1545412934.769551
1545412934.7735445
1545412934.7781887
1545412934.7819934
1545412934.7858386
1545412934.789468
1545412934.7933471
1545412934.7970939
1545412934.8023362
1545412934.8059983
1545412934.8094764
1545412934.8137722
1545412934.8185706
1545412934.8220775
1545412934.8259368
1545412934.8342354
1545412934.8378608
1545412934.842219
1545412934.8473425
1545412934.8527672
1545412934.8566678
1545412934.8608243
1545412934.8648684
1545412934.8698156
1545412934.8738225
1545412934.8779545
1545412934.8819103
1545412934.886577
1545412934.8905478
1545412934.8952556
1545412934.899185
1545412934.9031808
1545412934.9071004
1545412934.9114146
1545412934.9154246
1545412934.9196398
1545412934.923477
1545412934.9277039
1545412934.9358945
1545412934.9397624
1545412934.9438589
1545412934.9483123
1545412934.9530437
1545412934.956961
1545412934.9607403
1545412934.9655905
1545412934.9711015
1545412934.9749756
1545412934.9797015
1545412934.9856727
1545412934.9896874
1545412934.9936934
1545412934.99785
1545412935.003173
1545412935.007041
1545412935.0110953
1545412935.0157235
1545412935.019784
1545412935.0236003
1545412935.027614
1545412935.0363832
1545412935.0403132
1545412935.0444345
1545412935.048409
1545412935.052751
1545412935.0562513
1545412935.0600038
1545412935.0637622
1545412935.06906
1545412935.0726805
1545412935.076413
1545412935.0807753
1545412935.0859592
1545412935.0896077
1545412935.093374
1545412935.09769
1545412935.1024055
1545412935.106026
1545412935.1097643
1545412935.1141105
1545412935.1187482
1545412935.1223693
1545412935.1258962
1545412935.1305451
1545412935.1387746
1545412935.1425261
1545412935.146787
1545412935.1519032
1545412935.1554804
1545412935.1590533
1545412935.1633782
1545412935.168888
1545412935.172469
1545412935.1762123
1545412935.1803703
1545412935.185719
1545412935.1892936
1545412935.192737
1545412935.1967292
1545412935.2023714
1545412935.2059162
1545412935.2096677
1545412935.2134387
1545412935.2187965
1545412935.2223577
1545412935.226117
1545412935.2302883
1545412935.2371862
1545412935.241125
1545412935.2447152
1545412935.24847
1545412935.2527983
1545412935.2564332
1545412935.2600577
1545412935.264085
1545412935.268749
1545412935.2723095
1545412935.2759264
1545412935.280131
1545412935.2857244
1545412935.2893429
1545412935.2932136
1545412935.297556
1545412935.3023562
1545412935.305878
1545412935.3094032
1545412935.3138275
1545412935.3189878
1545412935.3225443
1545412935.326225
1545412935.3308816
1545412935.3371916
1545412935.3406973
1545412935.34442
1545412935.3480217
1545412935.352066
1545412935.3556376
1545412935.3592393
1545412935.3633735
1545412935.3689163
1545412935.3725052
1545412935.376095
1545412935.3805668
1545412935.3857336
1545412935.3892784
1545412935.3930118
1545412935.3973327
1545412935.4024127
1545412935.4059947
1545412935.4095924
1545412935.4138937
1545412935.4186509
1545412935.4222302
1545412935.4258099
1545412935.4301114
1545412935.4376736
1545412935.4412196
1545412935.4452705
1545412935.4488602
1545412935.4525063
1545412935.4560444
1545412935.4596663
1545412935.4638638
1545412935.4691503
1545412935.4727476
1545412935.476474
1545412935.4808354
1545412935.485711
1545412935.4892352
1545412935.493011
1545412935.497419
1545412935.5024452
1545412935.506055
1545412935.5094962
1545412935.51383
1545412935.5186503
1545412935.5222147
1545412935.5256898
1545412935.529391
1545412935.5346568
1545412935.5395968
1545412935.5433886
1545412935.5478394
1545412935.5523248
1545412935.555892
1545412935.5595562
1545412935.5636518
1545412935.5686684
1545412935.572267
1545412935.5759332
1545412935.5802155
1545412935.585594
1545412935.5891616
1545412935.5929632
1545412935.5971484
1545412935.602334
1545412935.605893
1545412935.6096447
1545412935.6141808
1545412935.6191306
1545412935.6226614
1545412935.6263542
1545412935.6304312
1545412935.6353564
1545412935.6402805
1545412935.6439943
1545412935.648278
1545412935.65235
1545412935.6558914
1545412935.6597278
1545412935.6641374
1545412935.6688101
1545412935.6724257
1545412935.675927
1545412935.6797032
1545412935.6857293
1545412935.6893008
1545412935.6931202
1545412935.6971023
1545412935.7022712
1545412935.7059016
1545412935.709717
1545412935.7134717
1545412935.719727
1545412935.723316
1545412935.7269347
1545412935.7310665
1545412935.7361326
1545412935.7409623
1545412935.7446535
1545412935.7482526
1545412935.7531233
1545412935.7568073
1545412935.76062
1545412935.764262
1545412935.7689295
1545412935.7724693
1545412935.7763114
1545412935.7803557
1545412935.785684
1545412935.7892845
1545412935.7928035
1545412935.7970033
1545412935.8024423
1545412935.8060622
1545412935.810019
1545412935.8138373
1545412935.818937
1545412935.822463
1545412935.82632
1545412935.8302417
1545412935.8355026
1545412935.8399785
1545412935.843793
1545412935.8477867
1545412935.851972
1545412935.8556316
1545412935.8594155
1545412935.8636258
1545412935.8687284
1545412935.8723655
1545412935.8762052
1545412935.880246
1545412935.8860865
1545412935.8900096
1545412935.8937657
1545412935.897438
1545412935.9025884
1545412935.9062338
1545412935.9100473
1545412935.9138737
1545412935.9199483
1545412935.9236112
1545412935.927235
1545412935.930835
1545412935.936114
1545412935.942079
1545412935.9458292
1545412935.95169
1545412935.9555128
1545412935.959384
1545412935.9636114
1545412935.9686809
1545412935.9722714
1545412935.9765503
1545412935.980138
1545412935.9856024
1545412935.989244
1545412935.9935243
1545412935.997669
1545412936.0031347
1545412936.0068023
1545412936.0110457
1545412936.0148766
1545412936.0190692
1545412936.0226521
1545412936.0263443
1545412936.0299923
1545412936.0360348
1545412936.0412645
1545412936.0448015
1545412936.0492508
1545412936.0527954
1545412936.0565689
1545412936.0606046
1545412936.064915
1545412936.0688171
1545412936.0724404
1545412936.0763133
1545412936.0800045
1545412936.086145
1545412936.0898013
1545412936.0935266
1545412936.0976133
1545412936.1033993
1545412936.1070578
1545412936.1106708
1545412936.1143618
1545412936.1192982
1545412936.1229002
1545412936.1263664
1545412936.1304798
1545412936.1362987
1545412936.1400704
1545412936.146192
1545412936.1514008
1545412936.1550584
1545412936.1587374
1545412936.163024
1545412936.1690874
1545412936.1727862
1545412936.1766639
1545412936.181234
1545412936.1873796
1545412936.191391
1545412936.1957955
1545412936.2022543
1545412936.2059171
1545412936.209745
1545412936.2133448
1545412936.2193067
1545412936.2229142
1545412936.22665
1545412936.2302582
1545412936.2361279
1545412936.2435992
1545412936.247751
1545412936.252324
1545412936.2559125
1545412936.2597718
1545412936.264247
1545412936.2686522
1545412936.2722416
1545412936.2759085
1545412936.280071
1545412936.2860014
1545412936.2900355
1545412936.2938387
1545412936.29762
1545412936.3038251
1545412936.3075855
1545412936.3117585
1545412936.3181117
1545412936.3217824
1545412936.3253822
1545412936.3289804
1545412936.3349123
1545412936.3386087
1545412936.3442082
1545412936.3485017
1545412936.3524406
1545412936.356036
1545412936.3598988
1545412936.3637805
1545412936.3685389
1545412936.3722458
1545412936.375837
1545412936.3803363
1545412936.385706
1545412936.3892581
1545412936.392863
1545412936.3974497
1545412936.4023874
1545412936.405931
1545412936.4095905
1545412936.4138334
1545412936.4190688
1545412936.4226906
1545412936.4264214
1545412936.4307537
1545412936.4354124
1545412936.4390128
1545412936.444412
1545412936.4479938
1545412936.4523096
1545412936.455953
1545412936.459535
1545412936.4638093
1545412936.4686089
1545412936.4722235
1545412936.4758818
1545412936.4804037
1545412936.4858716
1545412936.4894214
1545412936.4931126
1545412936.4972966
1545412936.502697
1545412936.5063045
1545412936.5101488
1545412936.513913
1545412936.5192544
1545412936.5230296
1545412936.5267909
1545412936.530543
1545412936.5355022
1545412936.5390313
1545412936.5456972
1545412936.5511672
1545412936.5547147
1545412936.558223
1545412936.5624475
1545412936.5680292
1545412936.5718412
1545412936.5756729
1545412936.5800853
1545412936.585881
1545412936.589512
1545412936.5930648
1545412936.5976007
1545412936.6026068
1545412936.6062078
1545412936.6100194
1545412936.613791
1545412936.6192207
1545412936.622844
1545412936.6266415
1545412936.6307476
1545412936.6354823
1545412936.63909
1545412936.6429174
1545412936.6481671
1545412936.6529853
1545412936.6566725
1545412936.6611133
1545412936.6647718
1545412936.669226
1545412936.67268
1545412936.6764753
1545412936.680533
1545412936.6859446
1545412936.6895819
1545412936.6933846
1545412936.6971607
1545412936.7026293
1545412936.70631
1545412936.7101145
1545412936.7139263
1545412936.7192733
1545412936.7228823
1545412936.7266903
1545412936.7305737
1545412936.7354739
1545412936.7391613
1545412936.7432482
1545412936.7478592
1545412936.754619
1545412936.7590969
1545412936.7642045
1545412936.7696052
1545412936.7736928
1545412936.7780068
1545412936.7821903
1545412936.786463
1545412936.7903578
1545412936.7943342
1545412936.7989197
1545412936.8031886
1545412936.8070617
1545412936.8111115
1545412936.8151507
1545412936.8199189
1545412936.8237984
1545412936.8279262
1545412936.8318624
1545412936.8365152
1545412936.8403075
1545412936.844266
1545412936.8515146
1545412936.855552
1545412936.8595119
1545412936.8643079
1545412936.8694816
1545412936.873543
1545412936.877652
1545412936.8817394
1545412936.886694
1545412936.8907015
1545412936.8948808
1545412936.899351
1545412936.9036198
1545412936.9075253
1545412936.9122024
1545412936.916208
1545412936.9201605
1545412936.9240942
1545412936.9283552
1545412936.9323077
1545412936.936437
1545412936.9402578
1545412936.9446507
1545412936.95253
1545412936.9565077
1545412936.9605975
1545412936.9642339
1545412936.9686482
1545412936.972148
1545412936.9756823
1545412936.979474
1545412936.9851315
1545412936.9886742
1545412936.992116
1545412936.9962883
1545412937.0018508
1545412937.0054572
1545412937.008925
1545412937.0129972
1545412937.0186527
1545412937.0221481
1545412937.0257363
1545412937.0297022
1545412937.0349932
1545412937.0385714
1545412937.0420809
1545412937.0462391
1545412937.0525117
1545412937.056275
1545412937.0600517
1545412937.0644362
1545412937.0686626
1545412937.072186
1545412937.0756934
1545412937.0791264
1545412937.0853412
1545412937.0890217
1545412937.0927145
1545412937.0969675
1545412937.102379
1545412937.1060781
1545412937.1098962
1545412937.1139
1545412937.1189547
1545412937.1224546
1545412937.126227
1545412937.1304398
1545412937.1352966
1545412937.138947
1545412937.1425662
1545412937.1471107
1545412937.1523108
1545412937.1566825
1545412937.1606812
1545412937.1647215
1545412937.168954
1545412937.172438
1545412937.1762412
1545412937.180566
1545412937.1854467
1545412937.1891048
1545412937.1925483
1545412937.1961617
1545412937.2022576
1545412937.2060196
1545412937.209857
1545412937.2139225
1545412937.2190604
1545412937.222575
1545412937.2263484
1545412937.2306726
1545412937.235631
1545412937.2391393
1545412937.242662
1545412937.2471182
1545412937.2552688
1545412937.2597985
1545412937.2642252
1545412937.2686193
1545412937.2721791
1545412937.275738
1545412937.2800074
1545412937.2855096
1545412937.2892275
1545412937.2929688
1545412937.2973971
1545412937.302358
1545412937.3059947
1545412937.3096359
1545412937.3137271
1545412937.3190718
1545412937.3225913
1545412937.3264997
1545412937.330754
1545412937.335226
1545412937.3388534
1545412937.3424082
1545412937.346552
1545412937.354435
1545412937.3580627
1545412937.3622859
1545412937.367604
1545412937.3712335
1545412937.3747091
1545412937.3789475
1545412937.3846178
1545412937.3882556
1545412937.3917518
1545412937.395815
1545412937.401395
1545412937.4048538
1545412937.4084053
1545412937.4125922
1545412937.418117
1545412937.4215877
1545412937.425072
1545412937.429124
1545412937.4341896
1545412937.4376793
1545412937.4411595
1545412937.4453452
1545412937.4489758
1545412937.4549608
1545412937.4585922
1545412937.4627805
1545412937.4683213
1545412937.4718943
1545412937.4754407
1545412937.4800122
1545412937.4858954
1545412937.489474
1545412937.4932313
1545412937.497671
1545412937.5023777
1545412937.5059686
1545412937.5098212
1545412937.514242
1545412937.5190163
1545412937.5225475
1545412937.5263326
1545412937.5307567
1545412937.5352123
1545412937.5387278
1545412937.542152
1545412937.5465136
1545412937.5522544
1545412937.5572727
1545412937.5617588
1545412937.5655134
1545412937.5691414
1545412937.5725868
1545412937.5763621
1545412937.5805643
1545412937.5853455
1545412937.5889456
1545412937.5924218
1545412937.59676
1545412937.6024292
1545412937.606029
1545412937.6097078
1545412937.613886
1545412937.619092
1545412937.6225832
1545412937.6262581
1545412937.6304817
1545412937.6357312
1545412937.6392536
1545412937.642855
1545412937.6473608
1545412937.6519945
1545412937.6568952
1545412937.661029
1545412937.66465
1545412937.669037
1545412937.672562
1545412937.6760223
1545412937.6797605
1545412937.6848788
1545412937.6885197
1545412937.6920087
1545412937.6960068
1545412937.701972
1545412937.7054756
1545412937.7091186
1545412937.7132945
1545412937.718818
1545412937.7223105
1545412937.7258468
1545412937.7300553
1545412937.7356007
1545412937.7391725
1545412937.742574
1545412937.7465749
1545412937.7519202
1545412937.7577517
1545412937.7619107
1545412937.765474
1545412937.769029
1545412937.7724953
1545412937.7761312
1545412937.7803268
1545412937.785334
1545412937.7889137
1545412937.7925556
1545412937.796808
1545412937.802334
1545412937.8058324
1545412937.8094697
1545412937.813888
1545412937.819076
1545412937.8227034
1545412937.826476
1545412937.830627
1545412937.8358407
1545412937.839451
1545412937.8428931
1545412937.8469195
1545412937.8521874
1545412937.85668
1545412937.860559
1545412937.8643036
1545412937.8690126
1545412937.8725848
1545412937.876318
1545412937.8804703
1545412937.8855367
1545412937.8891716
1545412937.892733
1545412937.8967962
1545412937.902462
1545412937.9060407
1545412937.9098494
1545412937.9142706
1545412937.919141
1545412937.9227064
1545412937.9264457
1545412937.930727
1545412937.9358356
1545412937.939411
1545412937.9428473
1545412937.9468975
1545412937.9521267
1545412937.956907
1545412937.9611216
1545412937.9648883
1545412937.9689531
1545412937.972518
1545412937.9762726
1545412937.9806242
1545412937.9855826
1545412937.9890184
1545412937.9928195
1545412937.9969714
1545412938.0022979
1545412938.0058634
1545412938.0096128
1545412938.013729
1545412938.0189624
1545412938.022448
1545412938.0260546
1545412938.0303342
1545412938.035859
1545412938.0394695
1545412938.0430188
1545412938.0471432
1545412938.0526595
1545412938.0578232
1545412938.0618675
1545412938.0657573
1545412938.069245
1545412938.0728257
1545412938.0765789
1545412938.0806527
1545412938.085315
1545412938.0887618
1545412938.0922813
1545412938.0967407
1545412938.1023529
1545412938.1059952
1545412938.1096232
1545412938.1137435
1545412938.1190922
1545412938.1226282
1545412938.1262636
1545412938.1304755
1545412938.1359017
1545412938.1393883
1545412938.142865
1545412938.146911
1545412938.1522307
1545412938.1564271
1545412938.1615376
1545412938.165835
1545412938.1695333
1545412938.1731198
1545412938.176968
1545412938.1807365
1545412938.1854613
1545412938.1889474
1545412938.1927311
1545412938.1968863
1545412938.2023497
1545412938.2060385
1545412938.2097101
1545412938.2140923
1545412938.2190247
1545412938.222609
1545412938.2263584
1545412938.2308323
1545412938.2357082
1545412938.2392466
1545412938.2426946
1545412938.2467701
1545412938.2522464
1545412938.2573905
1545412938.2615352
1545412938.2652235
1545412938.2689223
1545412938.2724903
1545412938.2762005
1545412938.2802877
1545412938.2853134
1545412938.288945
1545412938.2925384
1545412938.2967772
1545412938.3024056
1545412938.3060203
1545412938.3098693
1545412938.3143013
1545412938.3190422
1545412938.322564
1545412938.3262465
1545412938.3304272
1545412938.335887
1545412938.3395255
1545412938.3429427
1545412938.346891
1545412938.3521035
1545412938.3581684
1545412938.3623104
1545412938.3676257
1545412938.3711731
1545412938.3747416
1545412938.3788204
1545412938.3825014
1545412938.3862123
1545412938.389702
1545412938.393511
1545412938.397611
1545412938.4023829
1545412938.405979
1545412938.4094977
1545412938.4134908
1545412938.4190276
1545412938.4225338
1545412938.4259741
1545412938.4306042
1545412938.435789
1545412938.4393497
1545412938.4428108
1545412938.446902
1545412938.4520843
1545412938.4557772
1545412938.460016
1545412938.4641552
1545412938.469048
1545412938.4726865
1545412938.476483
1545412938.48069
1545412938.485382
1545412938.489065
1545412938.4926403
1545412938.4969418
1545412938.5025156
1545412938.5062022
1545412938.5100923
1545412938.5140631
1545412938.5191007
1545412938.5228236
1545412938.5266275
1545412938.5307283
1545412938.5357976
1545412938.5394673
1545412938.5432034
1545412938.5476205
1545412938.552182
1545412938.5558398
1545412938.5604918
1545412938.564062
1545412938.568633
1545412938.5722284
1545412938.5758018
1545412938.5803123
1545412938.5853353
1545412938.5888157
1545412938.5922356
1545412938.596305
1545412938.6019926
1545412938.605605
1545412938.6091886
1545412938.6136444
1545412938.6192787
1545412938.6229198
1545412938.6266353
1545412938.630788
1545412938.63571
1545412938.6401072
1545412938.6440423
1545412938.6483123
1545412938.6528127
1545412938.6568525
1545412938.6628933
1545412938.668669
1545412938.672503
1545412938.6764932
1545412938.6811543
1545412938.6862078
1545412938.6900678
1545412938.6941211
1545412938.6986837
1545412938.7033157
1545412938.70725
1545412938.7114122
1545412938.7154827
1545412938.7200267
1545412938.7239714
1545412938.7280297
1545412938.7320585
1545412938.7365968
1545412938.740439
1545412938.7444868
1545412938.7488306
1545412938.753031
1545412938.7570026
1545412938.7629898
1545412938.7686772
1545412938.7725067
1545412938.7763941
1545412938.7808764
1545412938.786744
1545412938.7907004
1545412938.7946255
1545412938.7988663
1545412938.8037162
1545412938.8076112
1545412938.8119938
1545412938.8163917
1545412938.8207295
1545412938.8245356
1545412938.8282797
1545412938.8321865
1545412938.8371255
1545412938.8419733
1545412938.8465552
1545412938.8518205
1545412938.855451
1545412938.8620257
1545412938.8656259
1545412938.8699405
1545412938.8734555
1545412938.877073
1545412938.881584
1545412938.8857708
1545412938.889343
1545412938.8930223
1545412938.8971448
1545412938.9023762
1545412938.9058764
1545412938.9095237
1545412938.9130132
1545412938.9191604
1545412938.9227452
1545412938.9263978
1545412938.9306142
1545412938.9360003
1545412938.9395278
1545412938.9431896
1545412938.9466884
1545412938.952544
1545412938.9561195
1545412938.9627197
1545412938.9679856
1545412938.9715416
1545412938.9749727
1545412938.979047
1545412938.9846864
1545412938.988501
1545412938.9921057
1545412938.9965165
1545412939.0021513
1545412939.0056906
1545412939.009279
1545412939.0128706
1545412939.0190356
1545412939.0226946
1545412939.0263484
1545412939.0300608
1545412939.035623
1545412939.0392191
1545412939.0427258
1545412939.0471413
1545412939.0521617
1545412939.0556743
1545412939.0593948
1545412939.0643103
1545412939.069949
1545412939.0736063
1545412939.0773563
1545412939.0809982
1545412939.085479
1545412939.0890155
1545412939.0924294
1545412939.0965102
1545412939.1030893
1545412939.1067777
1545412939.1106606
1545412939.1147585
1545412939.1205142
1545412939.12404
1545412939.127659
1545412939.1318185
1545412939.1371841
1545412939.1407812
1545412939.1443627
1545412939.1478786
1545412939.152906
1545412939.156715
1545412939.1608312
1545412939.1685507
1545412939.172937
1545412939.1766915
1545412939.1810021
1545412939.1854076
1545412939.1890132
1545412939.1926332
1545412939.1972165
1545412939.2025764
1545412939.206274
1545412939.2100115
1545412939.2136333
1545412939.2197647
1545412939.2234235
1545412939.2273962
1545412939.2311742
1545412939.2358875
1545412939.2394474
1545412939.2429
1545412939.2470934
1545412939.2529712
1545412939.256645
1545412939.2605922
1545412939.26569
1545412939.26997
1545412939.2735283
1545412939.2773368
1545412939.2809443
1545412939.2861557
1545412939.2897055
1545412939.2935512
1545412939.297963
1545412939.302668
1545412939.3063495
1545412939.3100784
1545412939.3142593
1545412939.3192234
1545412939.323001
1545412939.3267825
1545412939.3308866
1545412939.337028
1545412939.34075
1545412939.344976
1545412939.349265
1545412939.3531935
1545412939.3567886
1545412939.3606353
1545412939.3658957
1545412939.370661
1545412939.3745549
1545412939.3787613
1545412939.3824878
1545412939.3861406
1545412939.3896327
1545412939.3933403
1545412939.3976254
1545412939.4024918
1545412939.4060466
1545412939.4096446
1545412939.4140499
1545412939.418979
1545412939.4224873
1545412939.4259548
1545412939.429945
1545412939.4354665
1545412939.4390004
1545412939.4425843
1545412939.4465995
1545412939.4518285
1545412939.4554317
1545412939.4588633
1545412939.467448
1545412939.4711175
1545412939.4747024
1545412939.4789238
1545412939.4841692
1545412939.48771
1545412939.4911613
1545412939.4953163
1545412939.4989004
1545412939.5027578
1545412939.5062735
1545412939.510132
1545412939.514477
1545412939.5191038
1545412939.5227225
1545412939.52642
1545412939.5305045
1545412939.5358357
1545412939.5393355
1545412939.5429325
1545412939.547066
1545412939.5521917
1545412939.555736
1545412939.559253
1545412939.56799
1545412939.5716362
1545412939.5751722
1545412939.579397
1545412939.584524
1545412939.5880413
1545412939.5915174
1545412939.5956483
1545412939.601223
1545412939.6047642
1545412939.6083024
1545412939.612551
1545412939.6182857
1545412939.6218166
1545412939.625342
1545412939.6294694
1545412939.6352808
1545412939.63889
1545412939.6424456
1545412939.6466033
1545412939.6517758
1545412939.655378
1545412939.6589231
1545412939.6626596
1545412939.6686585
1545412939.6723607
1545412939.6761441
1545412939.6804793
1545412939.6856813
1545412939.6891668
1545412939.6929214
1545412939.697464
1545412939.7023668
1545412939.7060108
1545412939.709892
1545412939.7143788
1545412939.719086
1545412939.7228692
1545412939.7270231
1545412939.7309563
1545412939.7357461
1545412939.7393398
1545412939.7430968
1545412939.74741
1545412939.7520437
1545412939.7555735
1545412939.759231
1545412939.7637966
1545412939.7701643
1545412939.77395
1545412939.7777429
1545412939.781335
1545412939.7865727
1545412939.7902524
1545412939.7940242
1545412939.7984326
1545412939.8024645
1545412939.806146
1545412939.8097787
1545412939.8136175
1545412939.8200912
1545412939.8238664
1545412939.8277102
1545412939.8314095
1545412939.8357813
1545412939.8393369
1545412939.8428574
1545412939.847009
1545412939.8519602
1545412939.8555684
1545412939.8590813
1545412939.8631225
1545412939.8692167
1545412939.8728716
1545412939.8764231
1545412939.881035
1545412939.8856225
1545412939.8891146
1545412939.8925729
1545412939.8966334
1545412939.9020917
1545412939.9057548
1545412939.90951
1545412939.9138389
1545412939.9193313
1545412939.9228349
1545412939.9268131
1545412939.9307656
1545412939.9356468
1545412939.939198
1545412939.942797
1545412939.9469326
1545412939.9521964
1545412939.9556832
1545412939.9591882
1545412939.9632466
1545412939.9700198
1545412939.97355
1545412939.9774313
1545412939.9811378
1545412939.9855936
1545412939.989332
1545412939.9929497
1545412939.996825
1545412940.0030134
1545412940.0067978
1545412940.0106437
1545412940.0143824
1545412940.0190578
1545412940.0225925
1545412940.0262406
1545412940.0305533
1545412940.035839
1545412940.039403
1545412940.0430446
1545412940.0472398
1545412940.051991
1545412940.0555487
1545412940.0590196
1545412940.0635204
1545412940.0699854
1545412940.0735493
1545412940.0775113
1545412940.0811815
1545412940.085306
1545412940.088862
1545412940.092363
1545412940.09676
1545412940.1022537
1545412940.1057794
1545412940.1094055
1545412940.1139529
1545412940.119032
1545412940.1226335
1545412940.1263719
1545412940.130781
1545412940.1356614
1545412940.1391628
1545412940.1428287
1545412940.1471472
1545412940.1519325
1545412940.155525
1545412940.1590972
1545412940.163747
1545412940.1688926
1545412940.1737552
1545412940.177637
1545412940.1813533
1545412940.1853666
1545412940.1888616
1545412940.1924307
1545412940.197086
1545412940.202492
1545412940.2060084
1545412940.2097607
1545412940.2140038
1545412940.2190378
1545412940.2225013
1545412940.226117
1545412940.230649
1545412940.235788
1545412940.2393475
1545412940.2430496
1545412940.247453
1545412940.2520719
1545412940.2557447
1545412940.259404
1545412940.2638254
1545412940.26886
1545412940.2729676
1545412940.2769287
1545412940.2809772
1545412940.2855825
1545412940.2892928
1545412940.293008
1545412940.297211
1545412940.3019845
1545412940.305695
1545412940.309401
1545412940.3137038
1545412940.3190339
1545412940.3225703
1545412940.3262956
1545412940.330645
1545412940.3357959
1545412940.3392563
1545412940.342921
1545412940.3471918
1545412940.3523757
1545412940.3558931
1545412940.359625
1545412940.3638353
1545412940.3687284
1545412940.3729427
1545412940.3766596
1545412940.3808038
1545412940.3853278
1545412940.3889897
1545412940.3926246
1545412940.3971012
1545412940.401994
1545412940.405552
1545412940.4090989
1545412940.4137027
1545412940.4191582
1545412940.4226487
1545412940.426447
1545412940.4306622
1545412940.4357867
1545412940.439397
1545412940.443164
1545412940.4473295
1545412940.452599
1545412940.456227
1545412940.460096
1545412940.464383
1545412940.4689014
1545412940.4733222
1545412940.4771633
1545412940.4813654
1545412940.4858313
1545412940.48949
1545412940.4933634
1545412940.4978027
1545412940.5022266
1545412940.505863
1545412940.5094993
1545412940.513918
1545412940.5191362
1545412940.5228186
1545412940.5264702
1545412940.531535
1545412940.536555
1545412940.5404441
1545412940.544362
1545412940.549078
1545412940.5541382
1545412940.5579848
1545412940.5625765
1545412940.568531
1545412940.5738356
1545412940.5780623
1545412940.5824094
1545412940.5863783
1545412940.5903027
1545412940.5945075
1545412940.5985062
1545412940.6030567
1545412940.6069686
1545412940.61109
1545412940.615304
1545412940.62003
1545412940.6238756
1545412940.628146
1545412940.6321642
1545412940.6365566
1545412940.6404934
1545412940.6445646
1545412940.6488407
1545412940.653424
1545412940.6574085
1545412940.6618195
1545412940.6660244
1545412940.6703615
1545412940.674441
1545412940.6790059
1545412940.6830294
1545412940.6871023
1545412940.690955
1545412940.6951344
1545412940.69911
1545412940.7031255
1545412940.7069955
1545412940.71117
1545412940.7152867
1545412940.7199285
1545412940.7238283
1545412940.7279804
1545412940.732036
1545412940.7359376
1545412940.739519
1545412940.7433467
1545412940.7475588
1545412940.752619
1545412940.7562513
1545412940.7598062
1545412940.763986
1545412940.7689657
1545412940.773258
1545412940.7771168
1545412940.781212
1545412940.785515
1545412940.7890522
1545412940.792655
1545412940.796103
1545412940.801786
1545412940.8054886
1545412940.8089504
1545412940.8137598
1545412940.8193626
1545412940.8229196
1545412940.8267775
1545412940.8308833
1545412940.8364167
1545412940.8399959
1545412940.843753
1545412940.847878
1545412940.853775
1545412940.8574948
